(u'2016-02-04T02:45:28-06:00', u'#K0J5iNjb25Y', u'/home/wturner/-wrk/-ve27/dotfiles', u'/home/wturner', u'exit')
(u'2016-02-04T02:45:34-06:00', u'#K0J5iNjb25Y', u'/home/wturner/-wrk/-ve27/dotfiles', u'/home/wturner/-wrk/-ve27/dotfiles/src/dotfiles', u'cdw')
(u'2016-02-04T02:45:35-06:00', u'#K0J5iNjb25Y', u'/home/wturner/-wrk/-ve27/dotfiles', u'/home/wturner/-wrk/-ve27/dotfiles/src/dotfiles', u'ls')
(u'2016-02-04T02:45:36-06:00', u'#K0J5iNjb25Y', u'/home/wturner/-wrk/-ve27/dotfiles', u'/home/wturner/-wrk/-ve27/dotfiles/src/dotfiles', u'gs')
(u'2016-02-04T02:45:44-06:00', u'#K0J5iNjb25Y', u'/home/wturner/-wrk/-ve27/dotfiles', u'/home/wturner/-wrk/-ve27/dotfiles/src/dotfiles', u'./scripts/bootstrap_dotfiles.sh -I -u')
(u'2016-02-04T02:45:52-06:00', u'#K0J5iNjb25Y', u'/home/wturner/-wrk/-ve27/dotfiles', u'/home/wturner/-wrk/-ve27/dotfiles/src/dotfiles', u'./scripts/bootstrap_dotfiles.sh -I')
(u'2016-02-04T02:45:58-06:00', u'#K0J5iNjb25Y', u'/home/wturner/-wrk/-ve27/dotfiles', u'/home/wturner/-wrk/-ve27/dotfiles/src/dotfiles', u'./scripts/bootstrap_dotfiles.sh -S')
(u'2016-02-04T02:46:22-06:00', u'#K0J5iNjb25Y', u'/home/wturner/-wrk/-ve27/dotfiles', u'/home/wturner/-wrk/-ve27/dotfiles/src/dotfiles', u'ls')
(u'2016-02-04T02:46:24-06:00', u'#K0J5iNjb25Y', u'/home/wturner/-wrk/-ve27/dotfiles', u'/home/wturner/-wrk/-ve27/dotfiles/src/dotfiles/etc', u'cd etc')
(u'2016-02-04T02:46:25-06:00', u'#K0J5iNjb25Y', u'/home/wturner/-wrk/-ve27/dotfiles', u'/home/wturner/-wrk/-ve27/dotfiles/src/dotfiles/etc', u'ls')
(u'2016-02-04T02:46:36-06:00', u'#K0J5iNjb25Y', u'/home/wturner/-wrk/-ve27/dotfiles', u'/home/wturner/-wrk/-ve27/dotfiles/src', u'cds')
(u'2016-02-04T02:47:13-06:00', u'#K0J5iNjb25Y', u'/home/wturner/-wrk/-ve27/dotfiles', u'/home/wturner/-wrk/-ve27/dotfiles/src', u'#cat ~/.bash_history > paq.setup.bash_history_2016_02')
(u'2016-02-04T02:47:14-06:00', u'#K0J5iNjb25Y', u'/home/wturner/-wrk/-ve27/dotfiles', u'/home/wturner/-wrk/-ve27/dotfiles/src', u'date')
(u'2016-02-04T02:47:20-06:00', u'#K0J5iNjb25Y', u'/home/wturner/-wrk/-ve27/dotfiles', u'/home/wturner/-wrk/-ve27/dotfiles/src', u'cat ~/.bash_history > paq.setup.bash_history_2016_02_04')
(u'2016-02-04T02:47:21-06:00', u'#K0J5iNjb25Y', u'/home/wturner/-wrk/-ve27/dotfiles', u'/home/wturner/-wrk/-ve27/dotfiles/src', u'ls')
(u'2016-02-04T02:47:26-06:00', u'#K0J5iNjb25Y', u'/home/wturner/-wrk/-ve27/dotfiles', u'/home/wturner/-wrk/-ve27/dotfiles/src', u'mv paq.setup.bash_history_2016_02_04 paq.setup.bash_history_2016_02_04.log')
(u'2016-02-04T02:47:26-06:00', u'#K0J5iNjb25Y', u'/home/wturner/-wrk/-ve27/dotfiles', u'/home/wturner/-wrk/-ve27/dotfiles/src', u'ls')
(u'2016-02-04T02:47:29-06:00', u'#K0J5iNjb25Y', u'/home/wturner/-wrk/-ve27/dotfiles', u'/home/wturner/-wrk/-ve27/dotfiles/src', u'gs')
(u'2016-02-04T02:47:30-06:00', u'#K0J5iNjb25Y', u'/home/wturner/-wrk/-ve27/dotfiles', u'/home/wturner/-wrk/-ve27/dotfiles/src/dotfiles', u'cd dotfiles/')
(u'2016-02-04T02:47:31-06:00', u'#K0J5iNjb25Y', u'/home/wturner/-wrk/-ve27/dotfiles', u'/home/wturner/-wrk/-ve27/dotfiles/src/dotfiles', u'gs')
(u'2016-02-04T02:45:20-06:00', u'', u'', u'/home/wturner', u'#ntid  _TERM_ID="#K0J5iNjb25Y"  #_USRLOG="/home/wturner/-usrlog.log" \n')
(u'2016-02-04T02:45:20-06:00', u'#K0J5iNjb25Y', u'', u'/home/wturner', u'mkvirtualenv provis')
(u'2016-02-04T02:47:40-06:00', u'#K0J5iNjb25Y', u'', u'/home/wturner/-wrk/-ve27/dotfiles/src/dotfiles', u'we dotfiles')
(u'2016-02-04T02:48:01-06:00', u'#K0J5iNjb25Y', u'/home/wturner/-wrk/-ve27/provis', u'/home/wturner/-wrk/-ve27/dotfiles/src/dotfiles', u'exit')
(u'2016-02-04T02:49:11-06:00', u'#K0J5iNjb25Y', u'/home/wturner/-wrk/-ve27/provis', u'/home/wturner/-wrk/-ve27/provis/src', u'cds')
(u'2016-02-04T02:49:11-06:00', u'#K0J5iNjb25Y', u'/home/wturner/-wrk/-ve27/provis', u'/home/wturner/-wrk/-ve27/provis/src', u'ls')
(u'2016-02-04T02:49:40-06:00', u'#K0J5iNjb25Y', u'/home/wturner/-wrk/-ve27/provis', u'/home/wturner/-wrk/-ve27/provis/src', u'git clone --recursive https://github.com/westurner/provis')
(u'2016-02-04T02:49:47-06:00', u'#K0J5iNjb25Y', u'/home/wturner/-wrk/-ve27/provis', u'/home/wturner/-wrk/-ve27/provis/src', u'ls')
(u'2016-02-04T02:49:49-06:00', u'#K0J5iNjb25Y', u'/home/wturner/-wrk/-ve27/provis', u'/home/wturner/-wrk/-ve27/provis/src/provis', u'cd provis/')
(u'2016-02-04T02:49:52-06:00', u'#K0J5iNjb25Y', u'/home/wturner/-wrk/-ve27/provis', u'/home/wturner/-wrk/-ve27/provis/src/provis', u'git l')
(u'2016-02-04T02:49:53-06:00', u'#K0J5iNjb25Y', u'/home/wturner/-wrk/-ve27/provis', u'/home/wturner/-wrk/-ve27/provis/src/provis', u'git b')
(u'2016-02-04T02:49:54-06:00', u'#K0J5iNjb25Y', u'/home/wturner/-wrk/-ve27/provis', u'/home/wturner/-wrk/-ve27/provis/src/provis', u'git ba')
(u'2016-02-04T02:49:58-06:00', u'#K0J5iNjb25Y', u'/home/wturner/-wrk/-ve27/provis', u'/home/wturner/-wrk/-ve27/provis/src/provis', u'git checkout develop')
(u'2016-02-04T02:50:08-06:00', u'#K0J5iNjb25Y', u'/home/wturner/-wrk/-ve27/provis', u'/home/wturner/-wrk/-ve27/provis/src/provis', u'git l')
(u'2016-02-04T02:50:12-06:00', u'#K0J5iNjb25Y', u'/home/wturner/-wrk/-ve27/provis', u'/home/wturner/-wrk/-ve27/provis/src/provis', u'git submodule status')
(u'2016-02-04T02:50:15-06:00', u'#K0J5iNjb25Y', u'/home/wturner/-wrk/-ve27/provis', u'/home/wturner/-wrk/-ve27/provis/src/provis', u'gs')
(u'2016-02-04T02:50:26-06:00', u'#K0J5iNjb25Y', u'/home/wturner/-wrk/-ve27/provis', u'/home/wturner/-wrk/-ve27/provis/src/provis', u'git rm --cached formulas/apt-cacher-ng-formula')
(u'2016-02-04T02:50:28-06:00', u'#K0J5iNjb25Y', u'/home/wturner/-wrk/-ve27/provis', u'/home/wturner/-wrk/-ve27/provis/src/provis', u'gs')
(u'2016-02-04T02:50:33-06:00', u'#K0J5iNjb25Y', u'/home/wturner/-wrk/-ve27/provis', u'/home/wturner/-wrk/-ve27/provis/src/provis', u'git submodule status')
(u'2016-02-04T02:50:43-06:00', u'#K0J5iNjb25Y', u'/home/wturner/-wrk/-ve27/provis', u'/home/wturner/-wrk/-ve27/provis/src/provis', u'git rm --cached formulas/apt-formula')
(u'2016-02-04T02:50:48-06:00', u'#K0J5iNjb25Y', u'/home/wturner/-wrk/-ve27/provis', u'/home/wturner/-wrk/-ve27/provis/src/provis', u'lessv .gitmodules')
(u'2016-02-04T02:51:04-06:00', u'#K0J5iNjb25Y', u'/home/wturner/-wrk/-ve27/provis', u'/home/wturner/-wrk/-ve27/provis/src/provis', u'less .gitmodules')
(u'2016-02-04T02:51:05-06:00', u'#K0J5iNjb25Y', u'/home/wturner/-wrk/-ve27/provis', u'/home/wturner/-wrk/-ve27/provis/src/provis', u'ls')
(u'2016-02-04T02:51:09-06:00', u'#K0J5iNjb25Y', u'/home/wturner/-wrk/-ve27/provis', u'/home/wturner/-wrk/-ve27/provis/src/provis/formulas', u'cd formulas/')
(u'2016-02-04T02:51:10-06:00', u'#K0J5iNjb25Y', u'/home/wturner/-wrk/-ve27/provis', u'/home/wturner/-wrk/-ve27/provis/src/provis/formulas', u'ls')
(u'2016-02-04T02:51:10-06:00', u'#K0J5iNjb25Y', u'/home/wturner/-wrk/-ve27/provis', u'/home/wturner/-wrk/-ve27/provis/src/provis/formulas', u'gs')
(u'2016-02-04T02:51:29-06:00', u'#K0J5iNjb25Y', u'/home/wturner/-wrk/-ve27/provis', u'/home/wturner/-wrk/-ve27/provis/src/provis/formulas', u'git rm --cached ./*')
(u'2016-02-04T02:51:32-06:00', u'#K0J5iNjb25Y', u'/home/wturner/-wrk/-ve27/provis', u'/home/wturner/-wrk/-ve27/provis/src/provis/formulas', u'gs')
(u'2016-02-04T02:51:43-06:00', u'#K0J5iNjb25Y', u'/home/wturner/-wrk/-ve27/provis', u'/home/wturner/-wrk/-ve27/provis/src/provis/formulas', u'find . -maxdepth 1 -type d')
(u'2016-02-04T02:51:59-06:00', u'#K0J5iNjb25Y', u'/home/wturner/-wrk/-ve27/provis', u'/home/wturner/-wrk/-ve27/provis/src/provis/formulas', u'find . -maxdepth 1 -type d -exec git rm --cached {} \\;')
(u'2016-02-04T02:52:01-06:00', u'#K0J5iNjb25Y', u'/home/wturner/-wrk/-ve27/provis', u'/home/wturner/-wrk/-ve27/provis/src/provis/formulas', u'gs')
(u'2016-02-04T02:52:03-06:00', u'#K0J5iNjb25Y', u'/home/wturner/-wrk/-ve27/provis', u'/home/wturner/-wrk/-ve27/provis/src/provis/formulas', u'ls')
(u'2016-02-04T02:52:06-06:00', u'#K0J5iNjb25Y', u'/home/wturner/-wrk/-ve27/provis', u'/home/wturner/-wrk/-ve27/provis/src/provis/formulas', u'git submodule status')
(u'2016-02-04T02:52:11-06:00', u'#K0J5iNjb25Y', u'/home/wturner/-wrk/-ve27/provis', u'/home/wturner/-wrk/-ve27/provis/src/provis/formulas', u'git submodule init')
(u'2016-02-04T02:52:13-06:00', u'#K0J5iNjb25Y', u'/home/wturner/-wrk/-ve27/provis', u'/home/wturner/-wrk/-ve27/provis/src/provis/formulas', u'ls')
(u'2016-02-04T02:52:15-06:00', u'#K0J5iNjb25Y', u'/home/wturner/-wrk/-ve27/provis', u'/home/wturner/-wrk/-ve27/provis/src/provis/formulas', u'grind')
(u'2016-02-04T02:52:17-06:00', u'#K0J5iNjb25Y', u'/home/wturner/-wrk/-ve27/provis', u'/home/wturner/-wrk/-ve27/provis/src/provis/formulas', u'find')
(u'2016-02-04T02:52:19-06:00', u'#K0J5iNjb25Y', u'/home/wturner/-wrk/-ve27/provis', u'/home/wturner/-wrk/-ve27/provis/src/provis/formulas', u'ls')
(u'2016-02-04T02:53:20-06:00', u'#K0J5iNjb25Y', u'/home/wturner/-wrk/-ve27/provis', u'/home/wturner/-wrk/-ve27/provis/src/provis/formulas', u'git commit -m "BLD,BUG,CLN: formulas/*: find . -maxdepth 1 -type d -exec git rm --cached {} \\;"')
(u'2016-02-04T02:53:23-06:00', u'#K0J5iNjb25Y', u'/home/wturner/-wrk/-ve27/provis', u'/home/wturner/-wrk/-ve27/provis/src/provis/formulas', u'gs')
(u'2016-02-04T02:53:25-06:00', u'#K0J5iNjb25Y', u'/home/wturner/-wrk/-ve27/provis', u'/home/wturner/-wrk/-ve27/provis/src/provis/formulas', u'ls')
(u'2016-02-04T02:53:27-06:00', u'#K0J5iNjb25Y', u'/home/wturner/-wrk/-ve27/provis', u'/home/wturner/-wrk/-ve27/provis/src/provis', u'cd ..')
(u'2016-02-04T02:53:27-06:00', u'#K0J5iNjb25Y', u'/home/wturner/-wrk/-ve27/provis', u'/home/wturner/-wrk/-ve27/provis/src/provis', u'ls')
(u'2016-02-04T02:53:34-06:00', u'#K0J5iNjb25Y', u'/home/wturner/-wrk/-ve27/provis', u'/home/wturner/-wrk/-ve27/provis/src/provis/provis', u'cd provis/')
(u'2016-02-04T02:53:34-06:00', u'#K0J5iNjb25Y', u'/home/wturner/-wrk/-ve27/provis', u'/home/wturner/-wrk/-ve27/provis/src/provis/provis', u'ls')
(u'2016-02-04T02:53:36-06:00', u'#K0J5iNjb25Y', u'/home/wturner/-wrk/-ve27/provis', u'/home/wturner/-wrk/-ve27/provis/src/provis', u'cd ..')
(u'2016-02-04T02:53:36-06:00', u'#K0J5iNjb25Y', u'/home/wturner/-wrk/-ve27/provis', u'/home/wturner/-wrk/-ve27/provis/src/provis', u'ls')
(u'2016-02-04T02:53:49-06:00', u'#K0J5iNjb25Y', u'/home/wturner/-wrk/-ve27/provis', u'/home/wturner/-wrk/-ve27/provis/src/provis', u'git b')
(u'2016-02-04T02:54:03-06:00', u'#K0J5iNjb25Y', u'/home/wturner/-wrk/-ve27/provis', u'/home/wturner/-wrk/-ve27/provis/src/provis/formulas', u'cd formulas/')
(u'2016-02-04T02:54:03-06:00', u'#K0J5iNjb25Y', u'/home/wturner/-wrk/-ve27/provis', u'/home/wturner/-wrk/-ve27/provis/src/provis/formulas', u'ls')
(u'2016-02-04T02:54:08-06:00', u'#K0J5iNjb25Y', u'/home/wturner/-wrk/-ve27/provis', u'/home/wturner/-wrk/-ve27/provis/src/provis', u'cd ..')
(u'2016-02-04T02:54:09-06:00', u'#K0J5iNjb25Y', u'/home/wturner/-wrk/-ve27/provis', u'/home/wturner/-wrk/-ve27/provis/src/provis', u'ls')
(u'2016-02-04T02:54:15-06:00', u'#K0J5iNjb25Y', u'/home/wturner/-wrk/-ve27/provis', u'/home/wturner/-wrk/-ve27/provis/src/provis', u'git grep pyrpo')
(u'2016-02-04T02:54:24-06:00', u'#K0J5iNjb25Y', u'/home/wturner/-wrk/-ve27/provis', u'/home/wturner/-wrk/-ve27/provis/src/provis', u'git grep apt-cacher-ng')
(u'2016-02-04T02:54:47-06:00', u'#K0J5iNjb25Y', u'/home/wturner/-wrk/-ve27/provis', u'/home/wturner/-wrk/-ve27/provis/src/provis', u'ls')
(u'2016-02-04T02:55:06-06:00', u'#K0J5iNjb25Y', u'/home/wturner/-wrk/-ve27/provis', u'/home/wturner/-wrk/-ve27/provis/src/provis', u'mkdir salt')
(u'2016-02-04T02:55:07-06:00', u'#K0J5iNjb25Y', u'/home/wturner/-wrk/-ve27/provis', u'/home/wturner/-wrk/-ve27/provis/src/provis/salt', u'cd salt/')
(u'2016-02-04T02:55:08-06:00', u'#K0J5iNjb25Y', u'/home/wturner/-wrk/-ve27/provis', u'/home/wturner/-wrk/-ve27/provis/src/provis/salt', u'ls')
(u'2016-02-04T02:55:12-06:00', u'#K0J5iNjb25Y', u'/home/wturner/-wrk/-ve27/provis', u'/home/wturner/-wrk/-ve27/provis/src/provis/salt', u'ls')
(u'2016-02-04T02:55:13-06:00', u'#K0J5iNjb25Y', u'/home/wturner/-wrk/-ve27/provis', u'/home/wturner/-wrk/-ve27/provis/src/provis', u'cd ..')
(u'2016-02-04T02:55:13-06:00', u'#K0J5iNjb25Y', u'/home/wturner/-wrk/-ve27/provis', u'/home/wturner/-wrk/-ve27/provis/src/provis', u'ls')
(u'2016-02-04T02:55:19-06:00', u'#K0J5iNjb25Y', u'/home/wturner/-wrk/-ve27/provis', u'/home/wturner/-wrk/-ve27/provis/src/provis/salt', u'cd salt/')
(u'2016-02-04T02:55:19-06:00', u'#K0J5iNjb25Y', u'/home/wturner/-wrk/-ve27/provis', u'/home/wturner/-wrk/-ve27/provis/src/provis/salt', u'ls')
(u'2016-02-04T02:55:20-06:00', u'#K0J5iNjb25Y', u'/home/wturner/-wrk/-ve27/provis', u'/home/wturner/-wrk/-ve27/provis/src/provis', u'cd ..')
(u'2016-02-04T02:55:21-06:00', u'#K0J5iNjb25Y', u'/home/wturner/-wrk/-ve27/provis', u'/home/wturner/-wrk/-ve27/provis/src/provis', u'ls')
(u'2016-02-04T02:55:25-06:00', u'#K0J5iNjb25Y', u'/home/wturner/-wrk/-ve27/provis', u'/home/wturner/-wrk/-ve27/provis/src/provis', u'git ba')
(u'2016-02-04T02:55:35-06:00', u'#K0J5iNjb25Y', u'/home/wturner/-wrk/-ve27/provis', u'/home/wturner/-wrk/-ve27/provis/src/provis', u'gs')
(u'2016-02-04T02:56:47-06:00', u'#K0J5iNjb25Y', u'/home/wturner/-wrk/-ve27/provis', u'/home/wturner/-wrk/-ve27/provis/src/provis', u'git log')
(u'2016-02-04T02:57:14-06:00', u'#K0J5iNjb25Y', u'/home/wturner/-wrk/-ve27/provis', u'/home/wturner/-wrk/-ve27/provis/src/provis', u'git show 2d1a9c5')
(u'2016-02-04T02:57:24-06:00', u'#K0J5iNjb25Y', u'/home/wturner/-wrk/-ve27/provis', u'/home/wturner/-wrk/-ve27/provis/src/provis', u'git show 2d1a9c5:.gitmodules')
(u'2016-02-04T02:57:30-06:00', u'#K0J5iNjb25Y', u'/home/wturner/-wrk/-ve27/provis', u'/home/wturner/-wrk/-ve27/provis/src/provis', u'git show 2d1a9c5:.gitmodules > .gitmodules')
(u'2016-02-04T02:57:31-06:00', u'#K0J5iNjb25Y', u'/home/wturner/-wrk/-ve27/provis', u'/home/wturner/-wrk/-ve27/provis/src/provis', u'gs')
(u'2016-02-04T02:57:50-06:00', u'#K0J5iNjb25Y', u'/home/wturner/-wrk/-ve27/provis', u'/home/wturner/-wrk/-ve27/provis/src/provis', u'ls')
(u'2016-02-04T02:57:51-06:00', u'#K0J5iNjb25Y', u'/home/wturner/-wrk/-ve27/provis', u'/home/wturner/-wrk/-ve27/provis/src/provis', u'gdc')
(u'2016-02-04T02:58:00-06:00', u'#K0J5iNjb25Y', u'/home/wturner/-wrk/-ve27/provis', u'/home/wturner/-wrk/-ve27/provis/src/provis', u'gd')
(u'2016-02-04T02:58:13-06:00', u'#K0J5iNjb25Y', u'/home/wturner/-wrk/-ve27/provis', u'/home/wturner/-wrk/-ve27/provis/src/provis', u'vim .gitmodules')
(u'2016-02-04T02:58:23-06:00', u'#K0J5iNjb25Y', u'/home/wturner/-wrk/-ve27/provis', u'/home/wturner/-wrk/-ve27/provis/src/provis', u'sudo dnf install gvim')
(u'2016-02-04T02:59:45-06:00', u'#K0J5iNjb25Y', u'/home/wturner/-wrk/-ve27/provis', u'/home/wturner/-wrk/-ve27/provis/src/provis', u'sudo dnf install vim-enhanced')
(u'2016-02-04T02:59:54-06:00', u'#K0J5iNjb25Y', u'/home/wturner/-wrk/-ve27/provis', u'/home/wturner/-wrk/-ve27/provis/src/provis', u'e .gitmodules')
(u'2016-02-04T03:01:41-06:00', u'#K0J5iNjb25Y', u'/home/wturner/-wrk/-ve27/provis', u'/home/wturner/-wrk/-ve27/provis/src/provis', u'(we dotfiles; cdw; vim scripts/e)')
(u'2016-02-04T03:01:44-06:00', u'#K0J5iNjb25Y', u'/home/wturner/-wrk/-ve27/provis', u'/home/wturner/-wrk/-ve27/provis/src/provis', u'e .gitmodules')
(u'2016-02-04T03:02:09-06:00', u'#K0J5iNjb25Y', u'/home/wturner/-wrk/-ve27/provis', u'/home/wturner/-wrk/-ve27/provis/src/provis', u'(we dotfiles; cdw; vim scripts/e)')
(u'2016-02-04T03:03:30-06:00', u'#K0J5iNjb25Y', u'/home/wturner/-wrk/-ve27/provis', u'/home/wturner/-wrk/-ve27/provis/src/provis', u'e .gitmodules')
(u'2016-02-04T03:03:33-06:00', u'#K0J5iNjb25Y', u'/home/wturner/-wrk/-ve27/provis', u'/home/wturner/-wrk/-ve27/provis/src/provis', u'gs')
(u'2016-02-04T03:04:20-06:00', u'#K0J5iNjb25Y', u'/home/wturner/-wrk/-ve27/provis', u'/home/wturner/-wrk/-ve27/provis/src/provis', u"gac 'BLD: .gitmodules: git show 2d1a9c5:.gitmodules > .gitmodules; ssh->https, formulas/ -> formulas__'")
(u'2016-02-04T03:04:26-06:00', u'#K0J5iNjb25Y', u'/home/wturner/-wrk/-ve27/provis', u'/home/wturner/-wrk/-ve27/provis/src/provis', u"gac 'BLD: .gitmodules: git show 2d1a9c5:.gitmodules > .gitmodules; ssh->https, formulas/ -> formulas__' ./.gitmodules")
(u'2016-02-04T03:04:27-06:00', u'#K0J5iNjb25Y', u'/home/wturner/-wrk/-ve27/provis', u'/home/wturner/-wrk/-ve27/provis/src/provis', u'gs')
(u'2016-02-04T03:04:34-06:00', u'#K0J5iNjb25Y', u'/home/wturner/-wrk/-ve27/provis', u'/home/wturner/-wrk/-ve27/provis/src/provis', u'git submodule init')
(u'2016-02-04T03:04:37-06:00', u'#K0J5iNjb25Y', u'/home/wturner/-wrk/-ve27/provis', u'/home/wturner/-wrk/-ve27/provis/src/provis', u'git submodule list')
(u'2016-02-04T03:04:45-06:00', u'#K0J5iNjb25Y', u'/home/wturner/-wrk/-ve27/provis', u'/home/wturner/-wrk/-ve27/provis/src/provis', u'git submodule update --init')
(u'2016-02-04T03:04:55-06:00', u'#K0J5iNjb25Y', u'/home/wturner/-wrk/-ve27/provis', u'/home/wturner/-wrk/-ve27/provis/src/provis', u'git submodule status --recursive')
(u'2016-02-04T03:05:02-06:00', u'#K0J5iNjb25Y', u'/home/wturner/-wrk/-ve27/provis', u'/home/wturner/-wrk/-ve27/provis/src/provis', u'git push')
(u'2016-02-04T03:05:17-06:00', u'#K0J5iNjb25Y', u'/home/wturner/-wrk/-ve27/provis', u'/home/wturner/-wrk/-ve27/provis/src/provis', u"git submodule foreach echo 'hi'")
(u'2016-02-04T03:05:26-06:00', u'#K0J5iNjb25Y', u'/home/wturner/-wrk/-ve27/provis', u'/home/wturner/-wrk/-ve27/provis/src/provis', u'ls')
(u'2016-02-04T03:05:29-06:00', u'#K0J5iNjb25Y', u'/home/wturner/-wrk/-ve27/provis', u'/home/wturner/-wrk/-ve27/provis/src/provis/formulas', u'cd formulas/')
(u'2016-02-04T03:05:29-06:00', u'#K0J5iNjb25Y', u'/home/wturner/-wrk/-ve27/provis', u'/home/wturner/-wrk/-ve27/provis/src/provis/formulas', u'ls')
(u'2016-02-04T03:05:32-06:00', u'#K0J5iNjb25Y', u'/home/wturner/-wrk/-ve27/provis', u'/home/wturner/-wrk/-ve27/provis/src/provis/formulas', u'ls -al')
(u'2016-02-04T03:05:32-06:00', u'#K0J5iNjb25Y', u'/home/wturner/-wrk/-ve27/provis', u'/home/wturner/-wrk/-ve27/provis/src/provis/formulas', u'gs')
(u'2016-02-04T03:05:37-06:00', u'#K0J5iNjb25Y', u'/home/wturner/-wrk/-ve27/provis', u'/home/wturner/-wrk/-ve27/provis/src/provis', u'cd ..')
(u'2016-02-04T03:05:37-06:00', u'#K0J5iNjb25Y', u'/home/wturner/-wrk/-ve27/provis', u'/home/wturner/-wrk/-ve27/provis/src/provis', u'ls')
(u'2016-02-04T03:05:40-06:00', u'#K0J5iNjb25Y', u'/home/wturner/-wrk/-ve27/provis', u'/home/wturner/-wrk/-ve27/provis/src/provis', u'mv formulas formulas.orig')
(u'2016-02-04T03:05:40-06:00', u'#K0J5iNjb25Y', u'/home/wturner/-wrk/-ve27/provis', u'/home/wturner/-wrk/-ve27/provis/src/provis', u'ls')
(u'2016-02-04T03:05:44-06:00', u'#K0J5iNjb25Y', u'/home/wturner/-wrk/-ve27/provis', u'/home/wturner/-wrk/-ve27/provis/src/provis', u'mkdir formulas')
(u'2016-02-04T03:05:44-06:00', u'#K0J5iNjb25Y', u'/home/wturner/-wrk/-ve27/provis', u'/home/wturner/-wrk/-ve27/provis/src/provis', u'ls')
(u'2016-02-04T03:06:03-06:00', u'#K0J5iNjb25Y', u'/home/wturner/-wrk/-ve27/provis', u'/home/wturner/-wrk/-ve27/provis/src/provis', u"cat .gitmodules | grep 'url'")
(u'2016-02-04T03:06:23-06:00', u'#K0J5iNjb25Y', u'/home/wturner/-wrk/-ve27/provis', u'/home/wturner/-wrk/-ve27/provis/src/provis', u"cat .gitmodules | sed 's/.*url = \\(.*\\)/\\1/'")
(u'2016-02-04T03:06:33-06:00', u'#K0J5iNjb25Y', u'/home/wturner/-wrk/-ve27/provis', u'/home/wturner/-wrk/-ve27/provis/src/provis', u"cat .gitmodules | sed 's/.*url = \\(.*\\)/\\1/g'")
(u'2016-02-04T03:06:37-06:00', u'#K0J5iNjb25Y', u'/home/wturner/-wrk/-ve27/provis', u'/home/wturner/-wrk/-ve27/provis/src/provis', u"cat .gitmodules | sed 's/url = \\(.*\\)/\\1/g'")
(u'2016-02-04T03:06:52-06:00', u'#K0J5iNjb25Y', u'/home/wturner/-wrk/-ve27/provis', u'/home/wturner/-wrk/-ve27/provis/src/provis', u"cat .gitmodules | grep 'url =' | sed 's/.*url = \\(.*\\)/\\1/'")
(u'2016-02-04T03:07:06-06:00', u'#K0J5iNjb25Y', u'/home/wturner/-wrk/-ve27/provis', u'/home/wturner/-wrk/-ve27/provis/src/provis', u"cat .gitmodules | grep 'url =' | sed 's/.*url = \\(.*\\)/\\1/' | sort")
(u'2016-02-04T03:07:09-06:00', u'#K0J5iNjb25Y', u'/home/wturner/-wrk/-ve27/provis', u'/home/wturner/-wrk/-ve27/provis/src/provis', u"cat .gitmodules | grep 'url =' | sed 's/.*url = \\(.*\\)/\\1/' | sort | uniq")
(u'2016-02-04T03:07:11-06:00', u'#K0J5iNjb25Y', u'/home/wturner/-wrk/-ve27/provis', u'/home/wturner/-wrk/-ve27/provis/src/provis', u"cat .gitmodules | grep 'url =' | sed 's/.*url = \\(.*\\)/\\1/' | sort -u")
(u'2016-02-04T03:07:44-06:00', u'#K0J5iNjb25Y', u'/home/wturner/-wrk/-ve27/provis', u'/home/wturner/-wrk/-ve27/provis/src/provis', u'cat .gitmodules | grep \'url =\' | sed \'s/.*url = \\(.*\\)/\\1/\' | sort -u | pyline \'l.split("/")[-1]\'')
(u'2016-02-04T03:07:49-06:00', u'#K0J5iNjb25Y', u'/home/wturner/-wrk/-ve27/provis', u'/home/wturner/-wrk/-ve27/provis/src/provis', u'cat .gitmodules | grep \'url =\' | sed \'s/.*url = \\(.*\\)/\\1/\' | sort -u | pyline \'l.split("/")[-1], l\'')
(u'2016-02-04T03:07:53-06:00', u'#K0J5iNjb25Y', u'/home/wturner/-wrk/-ve27/provis', u'/home/wturner/-wrk/-ve27/provis/src/provis', u'cat .gitmodules | grep \'url =\' | sed \'s/.*url = \\(.*\\)/\\1/\' | sort -u | pyline \'l.split("/")[-1], l.strip()\'')
(u'2016-02-04T03:07:58-06:00', u'#K0J5iNjb25Y', u'/home/wturner/-wrk/-ve27/provis', u'/home/wturner/-wrk/-ve27/provis/src/provis', u'cat .gitmodules | grep \'url =\' | sed \'s/.*url = \\(.*\\)/\\1/\' | sort -u | pyline \'l.split("/")[-1].strip(), l.strip()\'')
(u'2016-02-04T03:08:07-06:00', u'#K0J5iNjb25Y', u'/home/wturner/-wrk/-ve27/provis', u'/home/wturner/-wrk/-ve27/provis/src/provis', u'cat .gitmodules | grep \'url =\' | sed \'s/.*url = \\(.*\\)/\\1/\' | sort -u | pyline \'l.split("/")[-1].strip(), l.strip()\' | sort -u')
(u'2016-02-04T03:08:35-06:00', u'#K0J5iNjb25Y', u'/home/wturner/-wrk/-ve27/provis', u'/home/wturner/-wrk/-ve27/provis/src/provis', u'cat .gitmodules | grep \'url =\' | sed \'s/.*url = \\(.*\\)/\\1/\' | sort -u | pyline \'l.split("/")[-1].strip(), l.strip()\' | sort -u > formulas.urls')
(u'2016-02-04T03:12:02-06:00', u'#K0J5iNjb25Y', u'/home/wturner/-wrk/-ve27/provis', u'/home/wturner/-wrk/-ve27/provis/src/provis', u'e ./formulas.urls')
(u'2016-02-04T03:12:03-06:00', u'#K0J5iNjb25Y', u'/home/wturner/-wrk/-ve27/provis', u'/home/wturner/-wrk/-ve27/provis/src/provis', u'ls')
(u'2016-02-04T03:12:07-06:00', u'#K0J5iNjb25Y', u'/home/wturner/-wrk/-ve27/provis', u'/home/wturner/-wrk/-ve27/provis/src/provis', u'cat ./formulas.urls.commentedupstream')
(u'2016-02-04T03:12:12-06:00', u'#K0J5iNjb25Y', u'/home/wturner/-wrk/-ve27/provis', u'/home/wturner/-wrk/-ve27/provis/src/provis', u"cat ./formulas.urls.commentedupstream | grep -v '^#'")
(u'2016-02-04T03:12:17-06:00', u'#K0J5iNjb25Y', u'/home/wturner/-wrk/-ve27/provis', u'/home/wturner/-wrk/-ve27/provis/src/provis', u"cat ./formulas.urls.commentedupstream | grep -v '^#' | cut -f1")
(u'2016-02-04T03:12:24-06:00', u'#K0J5iNjb25Y', u'/home/wturner/-wrk/-ve27/provis', u'/home/wturner/-wrk/-ve27/provis/src/provis', u"cat ./formulas.urls.commentedupstream | grep -v '^#' | cut -f2")
(u'2016-02-04T03:12:32-06:00', u'#K0J5iNjb25Y', u'/home/wturner/-wrk/-ve27/provis', u'/home/wturner/-wrk/-ve27/provis/src/provis', u"cat ./formulas.urls.commentedupstream | grep -v '^#' | pyline 'w[1]'")
(u'2016-02-04T03:12:38-06:00', u'#K0J5iNjb25Y', u'/home/wturner/-wrk/-ve27/provis', u'/home/wturner/-wrk/-ve27/provis/src/provis', u"cat ./formulas.urls.commentedupstream | grep -v '^#' | pyline 'w[1:]'")
(u'2016-02-04T03:12:47-06:00', u'#K0J5iNjb25Y', u'/home/wturner/-wrk/-ve27/provis', u'/home/wturner/-wrk/-ve27/provis/src/provis', u"cat ./formulas.urls.commentedupstream | grep -v '^#' | pyline 'w[1]'")
(u'2016-02-04T03:12:57-06:00', u'#K0J5iNjb25Y', u'/home/wturner/-wrk/-ve27/provis', u'/home/wturner/-wrk/-ve27/provis/src/provis', u'pyline --help')
(u'2016-02-04T03:13:04-06:00', u'#K0J5iNjb25Y', u'/home/wturner/-wrk/-ve27/provis', u'/home/wturner/-wrk/-ve27/provis/src/provis', u"cat ./formulas.urls.commentedupstream | grep -v '^#' | pyline -F $'\\t' 'w[1]'")
(u'2016-02-04T03:13:33-06:00', u'#K0J5iNjb25Y', u'/home/wturner/-wrk/-ve27/provis', u'/home/wturner/-wrk/-ve27/provis/src/provis', u'ls')
(u'2016-02-04T03:13:52-06:00', u'#K0J5iNjb25Y', u'/home/wturner/-wrk/-ve27/provis', u'/home/wturner/-wrk/-ve27/provis/src/provis', u'e ./formulas.urls.commentedupstream')
(u'2016-02-04T03:13:54-06:00', u'#K0J5iNjb25Y', u'/home/wturner/-wrk/-ve27/provis', u'/home/wturner/-wrk/-ve27/provis/src/provis', u"cat ./formulas.urls.commentedupstream | grep -v '^#' | pyline -F $'\\t' 'w[1]'")
(u'2016-02-04T03:13:58-06:00', u'#K0J5iNjb25Y', u'/home/wturner/-wrk/-ve27/provis', u'/home/wturner/-wrk/-ve27/provis/src/provis', u"cat ./formulas.urls.commentedupstream | grep -v '#' | pyline -F $'\\t' 'w[1]'")
(u'2016-02-04T03:14:03-06:00', u'#K0J5iNjb25Y', u'/home/wturner/-wrk/-ve27/provis', u'/home/wturner/-wrk/-ve27/provis/src/provis', u"cat ./formulas.urls.commentedupstream | grep -v '^#' | pyline -F $'\\t' 'w[1]'")
(u'2016-02-04T03:14:14-06:00', u'#K0J5iNjb25Y', u'/home/wturner/-wrk/-ve27/provis', u'/home/wturner/-wrk/-ve27/provis/src/provis', u"cat ./formulas.urls.commentedupstream | grep -v '^\\#' | pyline -F $'\\t' 'w[1]'")
(u'2016-02-04T03:14:24-06:00', u'#K0J5iNjb25Y', u'/home/wturner/-wrk/-ve27/provis', u'/home/wturner/-wrk/-ve27/provis/src/provis', u"cat ./formulas.urls.commentedupstream | grep '^\\#' | pyline -F $'\\t' 'w[1]'")
(u'2016-02-04T03:43:53-06:00', u'#K0J5iNjb25Y', u'/home/wturner/-wrk/-ve27/provis', u'/home/wturner/-wrk/-ve27/provis/src/provis', u"cat ./formulas.urls.commentedupstream | grep '^\\#' | pyline -F $'\\t' 'w[1]'")
(u'2016-02-04T03:44:23-06:00', u'#K0J5iNjb25Y', u'/home/wturner/-wrk/-ve27/provis', u'/home/wturner/-wrk/-ve27/provis/src/provis', u'cat ./formulas.urls.commentedupstream | pyline -F $\'\\t\' \'w[1] if line.startswith("#")\'')
(u'2016-02-04T03:44:36-06:00', u'#K0J5iNjb25Y', u'/home/wturner/-wrk/-ve27/provis', u'/home/wturner/-wrk/-ve27/provis/src/provis', u'cat ./formulas.urls.commentedupstream | pyline -F $\'\\t\' \'w[1] if line.startswith("#") else ""\'')
(u'2016-02-04T03:44:41-06:00', u'#K0J5iNjb25Y', u'/home/wturner/-wrk/-ve27/provis', u'/home/wturner/-wrk/-ve27/provis/src/provis', u'cat ./formulas.urls.commentedupstream | pyline -F $\'\\t\' \'w[1] if line.startswith("#") else None\'')
(u'2016-02-04T03:44:47-06:00', u'#K0J5iNjb25Y', u'/home/wturner/-wrk/-ve27/provis', u'/home/wturner/-wrk/-ve27/provis/src/provis', u'cat ./formulas.urls.commentedupstream | pyline -F $\'\\t\' \'w[1] if line.startswith("#") else line\'')
(u'2016-02-04T03:44:58-06:00', u'#K0J5iNjb25Y', u'/home/wturner/-wrk/-ve27/provis', u'/home/wturner/-wrk/-ve27/provis/src/provis', u'cat ./formulas.urls.commentedupstream | pyline -F $\'\\t\' \'"###" + w[1] if line.startswith("#") else line\'')
(u'2016-02-04T03:45:05-06:00', u'#K0J5iNjb25Y', u'/home/wturner/-wrk/-ve27/provis', u'/home/wturner/-wrk/-ve27/provis/src/provis', u'cat ./formulas.urls.commentedupstream | pyline -F $\'\\t\' \'w[1] if line.startswith("#") else None\'')
(u'2016-02-04T03:45:17-06:00', u'#K0J5iNjb25Y', u'/home/wturner/-wrk/-ve27/provis', u'/home/wturner/-wrk/-ve27/provis/src/provis', u'cat ./formulas.urls.commentedupstream | pyline -F $\'\\t\' \'w[1] if not line.startswith("#") else None\'')
(u'2016-02-04T03:45:58-06:00', u'#K0J5iNjb25Y', u'/home/wturner/-wrk/-ve27/provis', u'/home/wturner/-wrk/-ve27/provis/src/provis', u'cat ./formulas.urls.commentedupstream | pyline -F $\'\\t\' \'w if not line.startswith("#") else None\'')
(u'2016-02-04T03:46:11-06:00', u'#K0J5iNjb25Y', u'/home/wturner/-wrk/-ve27/provis', u'/home/wturner/-wrk/-ve27/provis/src/provis', u'cat ./formulas.urls.commentedupstream | pyline -F $\'\\t\' \'w if not line.startswith("#") else None\'')
(u'2016-02-04T03:46:37-06:00', u'#K0J5iNjb25Y', u'/home/wturner/-wrk/-ve27/provis', u'/home/wturner/-wrk/-ve27/provis/src/provis', u'cat ./formulas.urls.commentedupstream | pyline -F $\'\\t\' \'w[1] if not line.startswith("#") else None\'')
(u'2016-02-04T03:47:07-06:00', u'#K0J5iNjb25Y', u'/home/wturner/-wrk/-ve27/provis', u'/home/wturner/-wrk/-ve27/provis/src/provis', u'cat ./formulas.urls.commentedupstream | pyline -F $\'\\t\' \'w[1] if not line.startswith("#") else None\' | (cd $_WRD/formulas; el --each -v -x git clone')
(u'2016-02-04T03:48:14-06:00', u'#K0J5iNjb25Y', u'/home/wturner/-wrk/-ve27/provis', u'/home/wturner/-wrk/-ve27/provis/src/provis', u'cat ./formulas.urls.commentedupstream | pyline -F $\'\\t\' \'w[1] if not line.startswith("#") else None\' | (cd "${_WRD}"/formulas; el --each -v -x git clone)')
(u'2016-02-04T03:48:21-06:00', u'#K0J5iNjb25Y', u'/home/wturner/-wrk/-ve27/provis', u'/home/wturner/-wrk/-ve27/provis/src/provis', u'ls')
(u'2016-02-04T03:48:23-06:00', u'#K0J5iNjb25Y', u'/home/wturner/-wrk/-ve27/provis', u'/home/wturner/-wrk/-ve27/provis/src/provis/formulas', u'cd formulas')
(u'2016-02-04T03:48:24-06:00', u'#K0J5iNjb25Y', u'/home/wturner/-wrk/-ve27/provis', u'/home/wturner/-wrk/-ve27/provis/src/provis/formulas', u'ls')
(u'2016-02-04T03:48:26-06:00', u'#K0J5iNjb25Y', u'/home/wturner/-wrk/-ve27/provis', u'/home/wturner/-wrk/-ve27/provis/src/provis/formulas', u'gs')
(u'2016-02-04T03:48:28-06:00', u'#K0J5iNjb25Y', u'/home/wturner/-wrk/-ve27/provis', u'/home/wturner/-wrk/-ve27/provis/src/provis', u'cd ..')
(u'2016-02-04T03:48:28-06:00', u'#K0J5iNjb25Y', u'/home/wturner/-wrk/-ve27/provis', u'/home/wturner/-wrk/-ve27/provis/src/provis', u'gs')
(u'2016-02-04T03:48:34-06:00', u'#K0J5iNjb25Y', u'/home/wturner/-wrk/-ve27/provis', u'/home/wturner/-wrk/-ve27/provis/src/provis', u'git add ./formulas')
(u'2016-02-04T03:48:35-06:00', u'#K0J5iNjb25Y', u'/home/wturner/-wrk/-ve27/provis', u'/home/wturner/-wrk/-ve27/provis/src/provis', u'gs')
(u'2016-02-04T03:48:43-06:00', u'#K0J5iNjb25Y', u'/home/wturner/-wrk/-ve27/provis', u'/home/wturner/-wrk/-ve27/provis/src/provis', u'git unstage')
(u'2016-02-04T03:48:44-06:00', u'#K0J5iNjb25Y', u'/home/wturner/-wrk/-ve27/provis', u'/home/wturner/-wrk/-ve27/provis/src/provis', u'gs')
(u'2016-02-04T03:48:45-06:00', u'#K0J5iNjb25Y', u'/home/wturner/-wrk/-ve27/provis', u'/home/wturner/-wrk/-ve27/provis/src/provis', u'ls')
(u'2016-02-04T03:48:47-06:00', u'#K0J5iNjb25Y', u'/home/wturner/-wrk/-ve27/provis', u'/home/wturner/-wrk/-ve27/provis/src/provis/formulas', u'cd formulas')
(u'2016-02-04T03:48:47-06:00', u'#K0J5iNjb25Y', u'/home/wturner/-wrk/-ve27/provis', u'/home/wturner/-wrk/-ve27/provis/src/provis/formulas', u'ls')
(u'2016-02-04T03:48:58-06:00', u'#K0J5iNjb25Y', u'/home/wturner/-wrk/-ve27/provis', u'/home/wturner/-wrk/-ve27/provis/src/provis/formulas', u'git-subrepo2submodule.sh -h')
(u'2016-02-04T03:49:18-06:00', u'#K0J5iNjb25Y', u'/home/wturner/-wrk/-ve27/provis', u'/home/wturner/-wrk/-ve27/provis/src/provis/formulas', u'lessv $(git-subrepo2submodule.sh)')
(u'2016-02-04T03:49:53-06:00', u'#K0J5iNjb25Y', u'/home/wturner/-wrk/-ve27/provis', u'/home/wturner/-wrk/-ve27/provis/src/provis/formulas', u'lessv $(which git-subrepo2submodule.sh)')
(u'2016-02-04T03:49:54-06:00', u'#K0J5iNjb25Y', u'/home/wturner/-wrk/-ve27/provis', u'/home/wturner/-wrk/-ve27/provis/src/provis/formulas', u'ls')
(u'2016-02-04T03:49:57-06:00', u'#K0J5iNjb25Y', u'/home/wturner/-wrk/-ve27/provis', u'/home/wturner/-wrk/-ve27/provis/src/provis/formulas', u'git init .')
(u'2016-02-04T03:50:31-06:00', u'#K0J5iNjb25Y', u'/home/wturner/-wrk/-ve27/provis', u'/home/wturner/-wrk/-ve27/provis/src/provis/formulas', u'touch __version__.txt')
(u'2016-02-04T03:50:31-06:00', u'#K0J5iNjb25Y', u'/home/wturner/-wrk/-ve27/provis', u'/home/wturner/-wrk/-ve27/provis/src/provis/formulas', u'ls')
(u'2016-02-04T03:50:45-06:00', u'#K0J5iNjb25Y', u'/home/wturner/-wrk/-ve27/provis', u'/home/wturner/-wrk/-ve27/provis/src/provis/formulas', u"echo '0.0.1' > ./__version__.txt")
(u'2016-02-04T03:50:46-06:00', u'#K0J5iNjb25Y', u'/home/wturner/-wrk/-ve27/provis', u'/home/wturner/-wrk/-ve27/provis/src/provis/formulas', u'gs')
(u'2016-02-04T03:50:50-06:00', u'#K0J5iNjb25Y', u'/home/wturner/-wrk/-ve27/provis', u'/home/wturner/-wrk/-ve27/provis/src/provis/formulas', u'git add ./__version__.txt')
(u'2016-02-04T03:50:51-06:00', u'#K0J5iNjb25Y', u'/home/wturner/-wrk/-ve27/provis', u'/home/wturner/-wrk/-ve27/provis/src/provis/formulas', u'gs')
(u'2016-02-04T03:51:12-06:00', u'#K0J5iNjb25Y', u'/home/wturner/-wrk/-ve27/provis', u'/home/wturner/-wrk/-ve27/provis/src/provis/formulas', u'git commit -m "RLS: __version__.txt: 0.0.1"')
(u'2016-02-04T03:51:14-06:00', u'#K0J5iNjb25Y', u'/home/wturner/-wrk/-ve27/provis', u'/home/wturner/-wrk/-ve27/provis/src/provis/formulas', u'ls')
(u'2016-02-04T03:52:17-06:00', u'#K0J5iNjb25Y', u'/home/wturner/-wrk/-ve27/provis', u'/home/wturner/-wrk/-ve27/provis/src/provis/formulas', u'git-subrepo2submodule.sh ./salt-formula/')
(u'2016-02-04T03:52:28-06:00', u'#K0J5iNjb25Y', u'/home/wturner/-wrk/-ve27/provis', u'/home/wturner/-wrk/-ve27/provis/src/provis/formulas', u'gs')
(u'2016-02-04T03:52:30-06:00', u'#K0J5iNjb25Y', u'/home/wturner/-wrk/-ve27/provis', u'/home/wturner/-wrk/-ve27/provis/src/provis/formulas', u'git r')
(u'2016-02-04T03:53:15-06:00', u'#K0J5iNjb25Y', u'/home/wturner/-wrk/-ve27/provis', u'/home/wturner/-wrk/-ve27/provis/src/provis/formulas', u'find . -maxdepth 1 -type d | el -v --each -x git-subrepo2submodule.sh')
(u'2016-02-04T03:53:25-06:00', u'#K0J5iNjb25Y', u'/home/wturner/-wrk/-ve27/provis', u'/home/wturner/-wrk/-ve27/provis/src/provis/formulas', u'find . -maxdepth 1 -type d #| el -v --each -x git-subrepo2submodule.sh')
(u'2016-02-04T03:53:49-06:00', u'#K0J5iNjb25Y', u'/home/wturner/-wrk/-ve27/provis', u'/home/wturner/-wrk/-ve27/provis/src/provis/formulas', u'ls -d *-formula/ # el -v --each -x git-subrepo2submodule.sh')
(u'2016-02-04T03:54:06-06:00', u'#K0J5iNjb25Y', u'/home/wturner/-wrk/-ve27/provis', u'/home/wturner/-wrk/-ve27/provis/src/provis/formulas', u'ls -d *-formula | el -v --each -x git-subrepo2submodule.sh')
(u'2016-02-04T03:54:23-06:00', u'#K0J5iNjb25Y', u'/home/wturner/-wrk/-ve27/provis', u'/home/wturner/-wrk/-ve27/provis/src/provis/formulas', u'ls -d *-formula | el -v --each -f -x git-subrepo2submodule.sh')
(u'2016-02-04T03:54:27-06:00', u'#K0J5iNjb25Y', u'/home/wturner/-wrk/-ve27/provis', u'/home/wturner/-wrk/-ve27/provis/src/provis/formulas', u'gs')
(u'2016-02-04T03:54:59-06:00', u'#K0J5iNjb25Y', u'/home/wturner/-wrk/-ve27/provis', u'/home/wturner/-wrk/-ve27/provis/src/provis/formulas', u'lessv ./5785638/nginx.conf')
(u'2016-02-04T03:55:01-06:00', u'#K0J5iNjb25Y', u'/home/wturner/-wrk/-ve27/provis', u'/home/wturner/-wrk/-ve27/provis/src/provis/formulas', u'ls')
(u'2016-02-04T03:55:11-06:00', u'#K0J5iNjb25Y', u'/home/wturner/-wrk/-ve27/provis', u'/home/wturner/-wrk/-ve27/provis/src/provis/formulas', u'gs')
(u'2016-02-04T03:55:29-06:00', u'#K0J5iNjb25Y', u'/home/wturner/-wrk/-ve27/provis', u'/home/wturner/-wrk/-ve27/provis/src/provis/formulas', u'ug')
(u'2016-02-04T03:55:47-06:00', u'#K0J5iNjb25Y', u'/home/wturner/-wrk/-ve27/provis', u'/home/wturner/-wrk/-ve27/provis/src/provis/formulas', u'ut')
(u'2016-02-04T03:55:49-06:00', u'#K0J5iNjb25Y', u'/home/wturner/-wrk/-ve27/provis', u'/home/wturner/-wrk/-ve27/provis/src/provis/formulas', u'utp')
(u'2016-02-04T03:55:52-06:00', u'#K0J5iNjb25Y', u'/home/wturner/-wrk/-ve27/provis', u'/home/wturner/-wrk/-ve27/provis/src/provis/formulas', u'utp -n 200')
(u'2016-02-04T03:56:08-06:00', u'#K0J5iNjb25Y', u'/home/wturner/-wrk/-ve27/provis', u'/home/wturner/-wrk/-ve27/provis/src/provis/formulas', u'usrlog.py -u')
(u'2016-02-04T03:56:19-06:00', u'#K0J5iNjb25Y', u'/home/wturner/-wrk/-ve27/provis', u'/home/wturner/-wrk/-ve27/provis/src/provis/formulas', u'pip install --user arrow')
(u'2016-02-04T03:56:38-06:00', u'#K0J5iNjb25Y', u'/home/wturner/-wrk/-ve27/provis', u'/home/wturner/-wrk/-ve27/provis/src/provis/formulas', u'(deactivate; pip install --user arrow)')
(u'2016-02-04T03:56:42-06:00', u'#K0J5iNjb25Y', u'/home/wturner/-wrk/-ve27/provis', u'/home/wturner/-wrk/-ve27/provis/src/provis/formulas', u'usrlog.py -u')
(u'2016-02-04T03:57:05-06:00', u'#K0J5iNjb25Y', u'/home/wturner/-wrk/-ve27/provis', u'/home/wturner/-wrk/-ve27/provis/src/provis/formulas', u'pip install arrow')
(u'2016-02-04T03:57:08-06:00', u'#K0J5iNjb25Y', u'/home/wturner/-wrk/-ve27/provis', u'/home/wturner/-wrk/-ve27/provis/src/provis/formulas', u'usrlog.py -u')
(u'2016-02-04T03:57:35-06:00', u'#K0J5iNjb25Y', u'/home/wturner/-wrk/-ve27/provis', u'/home/wturner/-wrk/-ve27/provis/src/provis/formulas', u"usrlog.py -u | grep '#K0J5iN'")
(u'2016-02-04T03:57:47-06:00', u'#K0J5iNjb25Y', u'/home/wturner/-wrk/-ve27/provis', u'/home/wturner/-wrk/-ve27/provis/src/provis/formulas', u"usrlog.py -u | grep '#K0J5iN' | lessv")
(u'2016-02-04T03:57:54-06:00', u'#K0J5iNjb25Y', u'/home/wturner/-wrk/-ve27/provis', u'/home/wturner/-wrk/-ve27/provis/src/provis/formulas', u"usrlog.py -u | grep '#K0J5iN' --pyline")
(u'2016-02-04T03:58:08-06:00', u'#K0J5iNjb25Y', u'/home/wturner/-wrk/-ve27/provis', u'/home/wturner/-wrk/-ve27/provis/src/provis/formulas', u'usrlog.py -u --pyline')
(u'2016-02-04T03:58:11-06:00', u'#K0J5iNjb25Y', u'/home/wturner/-wrk/-ve27/provis', u'/home/wturner/-wrk/-ve27/provis/src/provis/formulas', u'clr')
(u'2016-02-04T03:58:27-06:00', u'#K0J5iNjb25Y', u'/home/wturner/-wrk/-ve27/provis', u'/home/wturner/-wrk/-ve27/provis/src/provis/formulas', u"usrlog.py -u --pyline 'obj' | head -n 2")
(u'2016-02-04T03:58:31-06:00', u'#K0J5iNjb25Y', u'/home/wturner/-wrk/-ve27/provis', u'/home/wturner/-wrk/-ve27/provis/src/provis/formulas', u"usrlog.py -u --pyline 'obj' | head -n 20")
(u'2016-02-04T03:58:46-06:00', u'#K0J5iNjb25Y', u'/home/wturner/-wrk/-ve27/provis', u'/home/wturner/-wrk/-ve27/provis/src/provis/formulas', u"usrlog.py -u --pyline 'obj' | head -n 20")
(u'2016-02-04T03:58:49-06:00', u'#K0J5iNjb25Y', u'/home/wturner/-wrk/-ve27/provis', u'/home/wturner/-wrk/-ve27/provis/src/provis/formulas', u'usrlog.py --help')
(u'2016-02-04T03:58:57-06:00', u'#K0J5iNjb25Y', u'/home/wturner/-wrk/-ve27/provis', u'/home/wturner/-wrk/-ve27/provis/src/provis/formulas', u"usrlog.py -u --pyline 'obj' | head -n 20")
(u'2016-02-04T03:59:24-06:00', u'#K0J5iNjb25Y', u'/home/wturner/-wrk/-ve27/provis', u'/home/wturner/-wrk/-ve27/provis/src/provis/formulas', u'usrlog.py -u --pwd --pyline  | head -n 20')
(u'2016-02-04T03:59:30-06:00', u'#K0J5iNjb25Y', u'/home/wturner/-wrk/-ve27/provis', u'/home/wturner/-wrk/-ve27/provis/src/provis/formulas', u'usrlog.py -u --pwd --pyline')
(u'2016-02-04T03:59:34-06:00', u'#K0J5iNjb25Y', u'/home/wturner/-wrk/-ve27/provis', u'/home/wturner/-wrk/-ve27/provis/src/provis/formulas', u"usrlog.py -u --pwd --pyline  'l'")
(u'2016-02-04T03:59:39-06:00', u'#K0J5iNjb25Y', u'/home/wturner/-wrk/-ve27/provis', u'/home/wturner/-wrk/-ve27/provis/src/provis/formulas', u"usrlog.py -u --pwd --pyline  'obj'")
(u'2016-02-04T03:59:52-06:00', u'#K0J5iNjb25Y', u'/home/wturner/-wrk/-ve27/provis', u'/home/wturner/-wrk/-ve27/provis/src/provis/formulas', u"usrlog.py -u --pwd --pyline  'obj' | lessv")
(u'2016-02-04T04:00:17-06:00', u'#K0J5iNjb25Y', u'/home/wturner/-wrk/-ve27/provis', u'/home/wturner/-wrk/-ve27/provis/src/provis/formulas', u"usrlog.py -u --pwd --pyline  'obj' 2>&1 | lessv")
(u'2016-02-04T04:02:13-06:00', u'#K0J5iNjb25Y', u'/home/wturner/-wrk/-ve27/provis', u'/home/wturner/-wrk/-ve27/provis/src/provis/formulas', u"usrlog.py -u --pyline 'obj' 2>&1 | lessv")
(u'2016-02-04T04:02:17-06:00', u'#K0J5iNjb25Y', u'/home/wturner/-wrk/-ve27/provis', u'/home/wturner/-wrk/-ve27/provis/src/provis/formulas', u"usrlog.py -u --pyline 'id'")
(u'2016-02-04T04:02:42-06:00', u'#K0J5iNjb25Y', u'/home/wturner/-wrk/-ve27/provis', u'/home/wturner/-wrk/-ve27/provis/src/provis/formulas', u"usrlog.py -u | grep '#K0J5iN' --pyline")
(u'2016-02-04T04:02:46-06:00', u'#K0J5iNjb25Y', u'/home/wturner/-wrk/-ve27/provis', u'/home/wturner/-wrk/-ve27/provis/src/provis/formulas', u"usrlog.py -u | grep '#K0J5iN'")
(u'2016-02-04T04:02:55-06:00', u'#K0J5iNjb25Y', u'/home/wturner/-wrk/-ve27/provis', u'/home/wturner/-wrk/-ve27/provis/src/provis/formulas', u"usrlog.py -u --pwd | grep '#K0J5iN'")
(u'2016-02-04T04:03:39-06:00', u'#K0J5iNjb25Y', u'/home/wturner/-wrk/-ve27/provis', u'/home/wturner/-wrk/-ve27/provis/src/provis/formulas', u"usrlog.py -u -h --pwd | grep '#K0J5iN'")
(u'2016-02-04T04:03:43-06:00', u'#K0J5iNjb25Y', u'/home/wturner/-wrk/-ve27/provis', u'/home/wturner/-wrk/-ve27/provis/src/provis/formulas', u'usrlog.py -h')
(u'2016-02-04T04:04:05-06:00', u'#K0J5iNjb25Y', u'/home/wturner/-wrk/-ve27/provis', u'/home/wturner/-wrk/-ve27/provis/src/provis/formulas', u'usrlog_grin_session_id')
(u'2016-02-04T04:06:24-06:00', u'#K0J5iNjb25Y', u'/home/wturner/-wrk/-ve27/provis', u'/home/wturner/-wrk/-ve27/provis/src/provis/formulas', u'(we dotfiles; (deactivate; pip install --user grin))')
(u'2016-02-04T04:06:37-06:00', u'#K0J5iNjb25Y', u'/home/wturner/-wrk/-ve27/provis', u'/home/wturner/-wrk/-ve27/provis/src/provis/formulas', u'usrlog_grin_session_id')
(u'2016-02-04T04:07:02-06:00', u'#K0J5iNjb25Y', u'/home/wturner/-wrk/-ve27/provis', u'/home/wturner/-wrk/-ve27/provis/src/provis/formulas', u'usrlog_grin_session_id | lessv')
(u'2016-02-04T04:07:40-06:00', u'#K0J5iNjb25Y', u'/home/wturner/-wrk/-ve27/provis', u'/home/wturner/-wrk/-ve27/provis/src/provis/formulas', u'usrlog_grin_session_id | lessv > formulas_transforms.usrlog.log')
(u'2016-02-04T04:07:49-06:00', u'#K0J5iNjb25Y', u'/home/wturner/-wrk/-ve27/provis', u'/home/wturner/-wrk/-ve27/provis/src/provis/formulas', u'usrlog_grin_session_id | lessv > formulas_transforms.usrlog.log')
(u'2016-02-04T04:09:19-06:00', u'#K0J5iNjb25Y', u'/home/wturner/-wrk/-ve27/provis', u'/home/wturner/-wrk/-ve27/provis/src/provis/formulas', u'usrlog_grin_session_id_all | lessv > formulas_transforms.usrlog.log')
(u'2016-02-04T04:23:51-06:00', u'#K0J5iNjb25Y', u'/home/wturner/-wrk/-ve27/provis', u'/home/wturner/-wrk/-ve27/provis/src/provis/formulas', u'lessv ./formulas_transforms.usrlog.log')
(u'2016-02-04T04:23:52-06:00', u'#K0J5iNjb25Y', u'/home/wturner/-wrk/-ve27/provis', u'/home/wturner/-wrk/-ve27/provis/src/provis/formulas', u'ls')
(u'2016-02-04T04:24:27-06:00', u'#K0J5iNjb25Y', u'/home/wturner/-wrk/-ve27/provis', u'/home/wturner/-wrk/-ve27/provis/src/provis/formulas', u'mkdir ls')
(u'2016-02-04T04:24:30-06:00', u'#K0J5iNjb25Y', u'/home/wturner/-wrk/-ve27/provis', u'/home/wturner/-wrk/-ve27/provis/src/provis/formulas', u'gs')
(u'2016-02-04T04:24:43-06:00', u'#K0J5iNjb25Y', u'/home/wturner/-wrk/-ve27/provis', u'/home/wturner/-wrk/-ve27/provis/src/provis/formulas/docker-containers', u'cd docker-containers/')
(u'2016-02-04T04:24:43-06:00', u'#K0J5iNjb25Y', u'/home/wturner/-wrk/-ve27/provis', u'/home/wturner/-wrk/-ve27/provis/src/provis/formulas/docker-containers', u'ls')
(u'2016-02-04T04:24:45-06:00', u'#K0J5iNjb25Y', u'/home/wturner/-wrk/-ve27/provis', u'/home/wturner/-wrk/-ve27/provis/src/provis/formulas/docker-containers', u'ls -al')
(u'2016-02-04T04:24:51-06:00', u'#K0J5iNjb25Y', u'/home/wturner/-wrk/-ve27/provis', u'/home/wturner/-wrk/-ve27/provis/src/provis/formulas/docker-containers', u'grind')
(u'2016-02-04T04:25:32-06:00', u'#K0J5iNjb25Y', u'/home/wturner/-wrk/-ve27/provis', u'/home/wturner/-wrk/-ve27/provis/src/provis/formulas', u'cd ..')
(u'2016-02-04T04:25:32-06:00', u'#K0J5iNjb25Y', u'/home/wturner/-wrk/-ve27/provis', u'/home/wturner/-wrk/-ve27/provis/src/provis/formulas', u'ls')
(u'2016-02-04T04:25:34-06:00', u'#K0J5iNjb25Y', u'/home/wturner/-wrk/-ve27/provis', u'/home/wturner/-wrk/-ve27/provis/src/provis/formulas', u'gs')
(u'2016-02-04T04:25:54-06:00', u'#K0J5iNjb25Y', u'/home/wturner/-wrk/-ve27/provis', u'/home/wturner/-wrk/-ve27/provis/src/provis/formulas', u'#git commit -m "RLS: formulas 0.0.1"')
(u'2016-02-04T04:25:55-06:00', u'#K0J5iNjb25Y', u'/home/wturner/-wrk/-ve27/provis', u'/home/wturner/-wrk/-ve27/provis/src/provis/formulas', u'ls')
(u'2016-02-04T04:26:00-06:00', u'#K0J5iNjb25Y', u'/home/wturner/-wrk/-ve27/provis', u'/home/wturner/-wrk/-ve27/provis/src/provis/formulas', u'mkdir docs')
(u'2016-02-04T04:26:00-06:00', u'#K0J5iNjb25Y', u'/home/wturner/-wrk/-ve27/provis', u'/home/wturner/-wrk/-ve27/provis/src/provis/formulas', u'ls')
(u'2016-02-04T04:26:04-06:00', u'#K0J5iNjb25Y', u'/home/wturner/-wrk/-ve27/provis', u'/home/wturner/-wrk/-ve27/provis/src/provis/formulas', u'mv formulas_transforms.usrlog.log ./docs')
(u'2016-02-04T04:26:05-06:00', u'#K0J5iNjb25Y', u'/home/wturner/-wrk/-ve27/provis', u'/home/wturner/-wrk/-ve27/provis/src/provis/formulas', u'ls')
(u'2016-02-04T04:26:07-06:00', u'#K0J5iNjb25Y', u'/home/wturner/-wrk/-ve27/provis', u'/home/wturner/-wrk/-ve27/provis/src/provis/formulas', u'gs')
(u'2016-02-04T04:26:11-06:00', u'#K0J5iNjb25Y', u'/home/wturner/-wrk/-ve27/provis', u'/home/wturner/-wrk/-ve27/provis/src/provis/formulas', u'git add ./docs')
(u'2016-02-04T04:26:13-06:00', u'#K0J5iNjb25Y', u'/home/wturner/-wrk/-ve27/provis', u'/home/wturner/-wrk/-ve27/provis/src/provis/formulas', u'gs')
(u'2016-02-04T04:26:14-06:00', u'#K0J5iNjb25Y', u'/home/wturner/-wrk/-ve27/provis', u'/home/wturner/-wrk/-ve27/provis/src/provis/formulas', u'ls')
(u'2016-02-04T04:26:30-06:00', u'#K0J5iNjb25Y', u'/home/wturner/-wrk/-ve27/provis', u'/home/wturner/-wrk/-ve27/provis/src/provis/formulas', u'ls')
(u'2016-02-04T04:26:39-06:00', u'#K0J5iNjb25Y', u'/home/wturner/-wrk/-ve27/provis', u'/home/wturner/-wrk/-ve27/provis/src/provis/formulas', u"usrlog.py -u -h --pwd | grep '#K0J5iN'")
(u'2016-02-04T04:26:52-06:00', u'#K0J5iNjb25Y', u'/home/wturner/-wrk/-ve27/provis', u'/home/wturner/-wrk/-ve27/provis/src/provis/formulas', u"usrlog.py -p $(lsusrlogs) -h --pwd | grep '#K0J5iN'")
(u'2016-02-04T04:26:58-06:00', u'#K0J5iNjb25Y', u'/home/wturner/-wrk/-ve27/provis', u'/home/wturner/-wrk/-ve27/provis/src/provis/formulas', u"usrlog.py -p $(lsusrlogs)  --pwd | grep '#K0J5iN'")
(u'2016-02-04T04:27:21-06:00', u'#K0J5iNjb25Y', u'/home/wturner/-wrk/-ve27/provis', u'/home/wturner/-wrk/-ve27/provis/src/provis/formulas', u"usrlog.py -p $(lsusrlogs)  --pwd | grep '#K0J5iN' | lessv")
(u'2016-02-04T04:27:55-06:00', u'#K0J5iNjb25Y', u'/home/wturner/-wrk/-ve27/provis', u'/home/wturner/-wrk/-ve27/provis/src/provis/formulas', u"usrlog.py -p $(lsusrlogs)  --pwd --ve | grep '#K0J5iN' | lessv")
(u'2016-02-04T04:28:38-06:00', u'#K0J5iNjb25Y', u'/home/wturner/-wrk/-ve27/provis', u'/home/wturner/-wrk/-ve27/provis/src/provis/formulas', u"usrlog.py -p $(lsusrlogs)  --ve | grep '#K0J5iN' | lessv")
(u'2016-02-04T04:28:54-06:00', u'#K0J5iNjb25Y', u'/home/wturner/-wrk/-ve27/provis', u'/home/wturner/-wrk/-ve27/provis/src/provis/formulas', u"usrlog.py -p $(lsusrlogs)  --pwd --ve | grep '#K0J5iN' | lessv")
(u'2016-02-04T04:29:21-06:00', u'#K0J5iNjb25Y', u'/home/wturner/-wrk/-ve27/provis', u'/home/wturner/-wrk/-ve27/provis/src/provis/formulas', u"usrlog.py -p $(lsusrlogs)  --pwd --ve | grep '#K0J5iN' > ./docs/formulas_transforms.usrlog.log")
(u'2016-02-04T04:29:25-06:00', u'#K0J5iNjb25Y', u'/home/wturner/-wrk/-ve27/provis', u'/home/wturner/-wrk/-ve27/provis/src/provis/formulas', u"usrlog.py -p $(lsusrlogs)  --pwd --ve | grep '#K0J5iN' > ./docs/formulas_transforms.usrlog.log")
