######
git clone 'ssh://git@github.com/westurner/dotfiles-formula' '.'
2014-07-26 14:18:33 -0500 ||| 844aa21 ||| Wes Turner |||  (HEAD, master) ||| BLD: Update .gitignore  |..|

GitRev(datestr='2014-07-26 14:18:33 -0500', noderev='844aa21', author='Wes Turner', tags=' (HEAD, master)', desc='BLD: Update .gitignore')
AD _modules/debian_ip.py
AD _modules/yup
A  _templates/debian_eth.jinja
A  base/.cloud.sls.un~
AM base/.top.sls.un~
A  base/apt
A  base/apt-cacher-ng
A  base/cloud.sls
A  base/cobbler
A  base/dnsmasq
A  base/dyndns
A  base/git
A  base/gitlab
A  base/heka
A  base/hostsfile
A  base/htop
A  base/i3wm
A  base/mercurial
A  base/mercurial-server
AD base/modprobe
AM base/network/.threeiface_gateway.sls.un~
A  base/network/init.sls
AM base/network/threeiface_gateway.sls
AM base/network/vagrant_gateway.sls
A  base/nginx
A  base/ntp
A  base/ocean
A  base/openssh
A  base/packer
A  base/python
A  base/resolver
A  base/salt
AD base/saltdev
A  base/shorewall
A  base/tmux
AM base/top.sls
A  base/tortoisehg
A  base/ufw
A  base/vagrant
A  base/virt
A  base/virtualbox
A  base/winswitch
A  etc/.test0.map.sls.un~
A  etc/cloud.profiles.d/.lxc.conf.un~
A  etc/cloud.profiles.d/lxc.conf
A  etc/cloud.providers.d/lxc.conf
A  etc/master
A  etc/minion
A  etc/test0.map.sls
A  formulas/apt-cacher-ng-formula/.example.pillar.un~
AD formulas/apt-cacher-ng-formula/README.md
AM formulas/apt-cacher-ng-formula/apt-cacher-ng/.client.sls.un~
AM formulas/apt-cacher-ng-formula/apt-cacher-ng/.init.sls.un~
AM formulas/apt-cacher-ng-formula/apt-cacher-ng/.server.sls.un~
AM formulas/apt-cacher-ng-formula/apt-cacher-ng/client.sls
AM formulas/apt-cacher-ng-formula/apt-cacher-ng/files/.acng.conf.jinja.un~
A  formulas/apt-cacher-ng-formula/apt-cacher-ng/files/.acng_latest.sh.un~
AM formulas/apt-cacher-ng-formula/apt-cacher-ng/files/.apt.conf.jinja.un~
AM formulas/apt-cacher-ng-formula/apt-cacher-ng/files/acng.conf.jinja
A  formulas/apt-cacher-ng-formula/apt-cacher-ng/files/acng_latest.sh
AM formulas/apt-cacher-ng-formula/apt-cacher-ng/files/apt.conf.jinja
AM formulas/apt-cacher-ng-formula/apt-cacher-ng/init.sls
AD formulas/apt-cacher-ng-formula/apt-cacher-ng/server.sls
AM formulas/apt-formula/apt/.init.sls.un~
AD formulas/apt-formula/apt/init.sls
AM formulas/bind-formula
AD formulas/cobbler-formula/CHANGELOG.rst
AM formulas/cobbler-formula/LICENSE
AM formulas/cobbler-formula/README.rst
AM formulas/cobbler-formula/cobbler/init.sls
AM formulas/cobbler-formula/cobbler/map.jinja
AM formulas/cobbler-formula/pillar.example
A  formulas/disks-formula/.gitignore
A  formulas/disks-formula/AUTHORS.rst
A  formulas/disks-formula/HISTORY.rst
A  formulas/disks-formula/LICENSE
A  formulas/disks-formula/MANIFEST.in
A  formulas/disks-formula/README.rst
A  formulas/disks-formula/disks/init.sls
A  formulas/disks-formula/disks/map.jinja
A  formulas/disks-formula/pillar.example
A  formulas/disks-formula/tests/__init__.py
A  formulas/disks-formula/tests/test_disks-formula.py
AM formulas/dnsmasq-formula
AM formulas/docker-formula
AM formulas/dotfiles-formula/dotfiles/.init.sls.un~
AM formulas/dotfiles-formula/dotfiles/.source.sls.un~
AM formulas/dotfiles-formula/dotfiles/init.sls
AM formulas/dotfiles-formula/dotfiles/source.sls
A  formulas/dyndns-formula/dyndns/.init.sls.un~
A  formulas/dyndns-formula/dyndns/init.sls
A  formulas/git-formula
AM formulas/gitlab-formula
A  formulas/heka-formula/heka/files/heka_0.5.1_amd64.deb
A  formulas/heka-formula/heka/files/heka_0.5.1_i386.deb
A  formulas/heka-formula/heka/files/hekad.conf
AM formulas/heka-formula/heka/init.sls
AM formulas/heka-formula/heka/map.jinja
A  formulas/heka-formula/heka/templates/hekad.toml.jinja
AM formulas/hostsfile-formula
AM formulas/htop-formula/htop/init.sls
AM formulas/i3wm-formula/i3wm/.deb.sls.un~
A  formulas/i3wm-formula/i3wm/.ppa.sls.un~
AM formulas/i3wm-formula/i3wm/deb.sls
A  formulas/i3wm-formula/i3wm/files/sur5r-keyring.gpg
AM formulas/i3wm-formula/i3wm/init.sls
A  formulas/jenkins-formula
AM formulas/libvirt-formula
AM formulas/mercurial-formula/mercurial/.ppa.sls.un~
AM formulas/mercurial-formula/mercurial/init.sls
AM formulas/mercurial-formula/mercurial/ppa.sls
AM formulas/mercurial-server-formula
AD formulas/modprobe-formula/modprobe/dotfiles-formula
AD formulas/modprobe-formula/modprobe/rm
AM formulas/mysql-formula
AM formulas/nginx-formula
AM formulas/ntp-formula
A  formulas/ocean-formula/ocean/.server.sls.un~
A  formulas/ocean-formula/ocean/files/etc/.hg/00changelog.i
A  formulas/ocean-formula/ocean/files/etc/.hg/bookmarks
A  formulas/ocean-formula/ocean/files/etc/.hg/branch
A  formulas/ocean-formula/ocean/files/etc/.hg/cache/branchheads
A  formulas/ocean-formula/ocean/files/etc/.hg/cache/tags
A  formulas/ocean-formula/ocean/files/etc/.hg/cur-message.txt
A  formulas/ocean-formula/ocean/files/etc/.hg/dirstate
A  formulas/ocean-formula/ocean/files/etc/.hg/hgrc
A  formulas/ocean-formula/ocean/files/etc/.hg/last-message.txt
A  formulas/ocean-formula/ocean/files/etc/.hg/patches/2012-12-16_03-28-31_r4+.diff
A  formulas/ocean-formula/ocean/files/etc/.hg/patches/2012-12-16_03-28-32_r5+.diff
A  formulas/ocean-formula/ocean/files/etc/.hg/patches/2012-12-16_03-50-35_r7+.diff
A  formulas/ocean-formula/ocean/files/etc/.hg/patches/series
A  formulas/ocean-formula/ocean/files/etc/.hg/patches/status
A  formulas/ocean-formula/ocean/files/etc/.hg/requires
A  formulas/ocean-formula/ocean/files/etc/.hg/store/00changelog.i
A  formulas/ocean-formula/ocean/files/etc/.hg/store/00manifest.i
A  formulas/ocean-formula/ocean/files/etc/.hg/store/data/__who.ini.i
A  formulas/ocean-formula/ocean/files/etc/.hg/store/data/acng/acng.conf.dpkg-dist.i
A  formulas/ocean-formula/ocean/files/etc/.hg/store/data/acng/acng.conf.i
A  formulas/ocean-formula/ocean/files/etc/.hg/store/data/acng/backends__debian.i
A  formulas/ocean-formula/ocean/files/etc/.hg/store/data/acng/backends__debvol.i
A  formulas/ocean-formula/ocean/files/etc/.hg/store/data/acng/backends__ubuntu.i
A  formulas/ocean-formula/ocean/files/etc/.hg/store/data/bootstrap.sh.i
A  formulas/ocean-formula/ocean/files/etc/.hg/store/data/bootstrap__ubuntu.sh.i
A  formulas/ocean-formula/ocean/files/etc/.hg/store/data/buildout.cfg.i
A  formulas/ocean-formula/ocean/files/etc/.hg/store/data/codetrac.ini.i
A  formulas/ocean-formula/ocean/files/etc/.hg/store/data/eggproxy.ini.i
A  formulas/ocean-formula/ocean/files/etc/.hg/store/data/gitweb.ini.i
A  formulas/ocean-formula/ocean/files/etc/.hg/store/data/hgweb.conf.i
A  formulas/ocean-formula/ocean/files/etc/.hg/store/data/hgweb.ini.i
A  formulas/ocean-formula/ocean/files/etc/.hg/store/data/hgwebdir.conf.i
A  formulas/ocean-formula/ocean/files/etc/.hg/store/data/pulse.sh.i
A  formulas/ocean-formula/ocean/files/etc/.hg/store/data/requirements-appservers.txt.i
A  formulas/ocean-formula/ocean/files/etc/.hg/store/data/requirements-celery.txt.i
A  formulas/ocean-formula/ocean/files/etc/.hg/store/data/requirements-devenv.txt.i
A  formulas/ocean-formula/ocean/files/etc/.hg/store/data/requirements-django-wsgi.txt.i
A  formulas/ocean-formula/ocean/files/etc/.hg/store/data/requirements-django.txt.i
A  formulas/ocean-formula/ocean/files/etc/.hg/store/data/requirements-fanstatic.txt.i
A  formulas/ocean-formula/ocean/files/etc/.hg/store/data/requirements-freeze20120717.2.txt.i
A  formulas/ocean-formula/ocean/files/etc/.hg/store/data/requirements-freeze20120717.txt.i
A  formulas/ocean-formula/ocean/files/etc/.hg/store/data/requirements-freeze20121108.txt.i
A  formulas/ocean-formula/ocean/files/etc/.hg/store/data/requirements-hg.txt.i
A  formulas/ocean-formula/ocean/files/etc/.hg/store/data/requirements-ipython.txt.i
A  formulas/ocean-formula/ocean/files/etc/.hg/store/data/requirements-matplotlib.txt.i
A  formulas/ocean-formula/ocean/files/etc/.hg/store/data/requirements-mysql.txt.i
A  formulas/ocean-formula/ocean/files/etc/.hg/store/data/requirements-nosetest.txt.i
A  formulas/ocean-formula/ocean/files/etc/.hg/store/data/requirements-pandas.txt.i
A  formulas/ocean-formula/ocean/files/etc/.hg/store/data/requirements-paste.txt.i
A  formulas/ocean-formula/ocean/files/etc/.hg/store/data/requirements-pyes.txt.i
A  formulas/ocean-formula/ocean/files/etc/.hg/store/data/requirements-pyramid.txt.i
A  formulas/ocean-formula/ocean/files/etc/.hg/store/data/requirements-pyramidsqlalchemy.txt.i
A  formulas/ocean-formula/ocean/files/etc/.hg/store/data/requirements-pytest.txt.i
A  formulas/ocean-formula/ocean/files/etc/.hg/store/data/requirements-selenium.txt.i
A  formulas/ocean-formula/ocean/files/etc/.hg/store/data/requirements-semanticweb.txt.i
A  formulas/ocean-formula/ocean/files/etc/.hg/store/data/requirements-sphinx.txt.i
A  formulas/ocean-formula/ocean/files/etc/.hg/store/data/requirements-sqlalchemy.txt.i
A  formulas/ocean-formula/ocean/files/etc/.hg/store/data/requirements-supervisor.txt.i
A  formulas/ocean-formula/ocean/files/etc/.hg/store/data/requirements-trac.txt.i
A  formulas/ocean-formula/ocean/files/etc/.hg/store/data/requirements-virtuoso.txt.i
A  formulas/ocean-formula/ocean/files/etc/.hg/store/data/requirements-weberror.txt.i
A  formulas/ocean-formula/ocean/files/etc/.hg/store/data/setup__chromedriver.sh.i
A  formulas/ocean-formula/ocean/files/etc/.hg/store/data/setup__elasticsearch.sh.i
A  formulas/ocean-formula/ocean/files/etc/.hg/store/data/setup__openvirtuoso__deb.sh.i
A  formulas/ocean-formula/ocean/files/etc/.hg/store/data/setup__pandas__notebook.sh.i
A  formulas/ocean-formula/ocean/files/etc/.hg/store/data/setup__pandas__notebook__deb.sh.i
A  formulas/ocean-formula/ocean/files/etc/.hg/store/data/setup__vim__deb.sh.i
A  formulas/ocean-formula/ocean/files/etc/.hg/store/data/supervisord.conf.i
A  formulas/ocean-formula/ocean/files/etc/.hg/store/data/tracplugins.urls.i
A  formulas/ocean-formula/ocean/files/etc/.hg/store/data/~2ehgignore.i
A  formulas/ocean-formula/ocean/files/etc/.hg/store/fncache
A  formulas/ocean-formula/ocean/files/etc/.hg/store/phaseroots
A  formulas/ocean-formula/ocean/files/etc/.hgignore
A  formulas/ocean-formula/ocean/files/etc/.htpasswd
A  formulas/ocean-formula/ocean/files/etc/.requirements-hg.txt.un~
A  formulas/ocean-formula/ocean/files/etc/.requirements-supervisor.txt.un~
A  formulas/ocean-formula/ocean/files/etc/_who.ini
A  formulas/ocean-formula/ocean/files/etc/acng/acng.conf
A  formulas/ocean-formula/ocean/files/etc/acng/acng.conf.dpkg-dist
A  formulas/ocean-formula/ocean/files/etc/acng/backends_debian
A  formulas/ocean-formula/ocean/files/etc/acng/backends_debvol
A  formulas/ocean-formula/ocean/files/etc/acng/backends_ubuntu
A  formulas/ocean-formula/ocean/files/etc/bootstrap.sh
A  formulas/ocean-formula/ocean/files/etc/buildout.cfg
A  formulas/ocean-formula/ocean/files/etc/codetrac.ini
A  formulas/ocean-formula/ocean/files/etc/eggproxy.ini
A  formulas/ocean-formula/ocean/files/etc/gitweb.ini
A  formulas/ocean-formula/ocean/files/etc/hgweb.conf
A  formulas/ocean-formula/ocean/files/etc/hgweb.ini
A  formulas/ocean-formula/ocean/files/etc/hgwebdir.conf
A  formulas/ocean-formula/ocean/files/etc/requirements-appservers.txt
A  formulas/ocean-formula/ocean/files/etc/requirements-celery.txt
A  formulas/ocean-formula/ocean/files/etc/requirements-devenv.txt
A  formulas/ocean-formula/ocean/files/etc/requirements-django-wsgi.txt
A  formulas/ocean-formula/ocean/files/etc/requirements-django.txt
A  formulas/ocean-formula/ocean/files/etc/requirements-fanstatic.txt
A  formulas/ocean-formula/ocean/files/etc/requirements-freeze20120717.2.txt
A  formulas/ocean-formula/ocean/files/etc/requirements-freeze20120717.txt
A  formulas/ocean-formula/ocean/files/etc/requirements-freeze20121108.txt
A  formulas/ocean-formula/ocean/files/etc/requirements-freeze20130819.txt
A  formulas/ocean-formula/ocean/files/etc/requirements-hg.txt
A  formulas/ocean-formula/ocean/files/etc/requirements-ipython.txt
A  formulas/ocean-formula/ocean/files/etc/requirements-matplotlib.txt
A  formulas/ocean-formula/ocean/files/etc/requirements-mysql.txt
A  formulas/ocean-formula/ocean/files/etc/requirements-nosetest.txt
A  formulas/ocean-formula/ocean/files/etc/requirements-pandas.txt
A  formulas/ocean-formula/ocean/files/etc/requirements-paste.txt
A  formulas/ocean-formula/ocean/files/etc/requirements-pyes.txt
A  formulas/ocean-formula/ocean/files/etc/requirements-pyramid.txt
A  formulas/ocean-formula/ocean/files/etc/requirements-pyramidsqlalchemy.txt
A  formulas/ocean-formula/ocean/files/etc/requirements-pytest.txt
A  formulas/ocean-formula/ocean/files/etc/requirements-selenium.txt
A  formulas/ocean-formula/ocean/files/etc/requirements-semanticweb.txt
A  formulas/ocean-formula/ocean/files/etc/requirements-sphinx.txt
A  formulas/ocean-formula/ocean/files/etc/requirements-sqlalchemy.txt
A  formulas/ocean-formula/ocean/files/etc/requirements-supervisor.txt
A  formulas/ocean-formula/ocean/files/etc/requirements-trac.txt
A  formulas/ocean-formula/ocean/files/etc/requirements-virtuoso.txt
A  formulas/ocean-formula/ocean/files/etc/requirements-weberror.txt
A  formulas/ocean-formula/ocean/files/etc/supervisord.conf
A  formulas/ocean-formula/ocean/files/nginx/.pypi.un~
A  formulas/ocean-formula/ocean/files/nginx/5785638
A  formulas/ocean-formula/ocean/files/nginx/apt
A  formulas/ocean-formula/ocean/files/nginx/build
A  formulas/ocean-formula/ocean/files/nginx/cobbler
A  formulas/ocean-formula/ocean/files/nginx/code
A  formulas/ocean-formula/ocean/files/nginx/courses
A  formulas/ocean-formula/ocean/files/nginx/default
A  formulas/ocean-formula/ocean/files/nginx/default.dpkg-dist
A  formulas/ocean-formula/ocean/files/nginx/eggproxy
A  formulas/ocean-formula/ocean/files/nginx/esdocs
A  formulas/ocean-formula/ocean/files/nginx/git
A  formulas/ocean-formula/ocean/files/nginx/hg
A  formulas/ocean-formula/ocean/files/nginx/nb
A  formulas/ocean-formula/ocean/files/nginx/provis
A  formulas/ocean-formula/ocean/files/nginx/pupdocs
A  formulas/ocean-formula/ocean/files/nginx/pypi
A  formulas/ocean-formula/ocean/files/nginx/trac
A  formulas/ocean-formula/ocean/files/nginx/warehouse
A  formulas/ocean-formula/ocean/files/nginx/wrk
A  formulas/ocean-formula/ocean/init.sls
A  formulas/ocean-formula/ocean/server.sls
A  formulas/ocean-formula/ocean/templates/openssh/sshd_config.jinja
AM formulas/openssh-formula
AM formulas/packer-formula/packer/.init.sls.un~
AM formulas/packer-formula/packer/init.sls
AM formulas/packer-formula/packer/linux.sls
AD formulas/packer-formula/packer/modprobe
AD formulas/packer-formula/packer/rm
AM formulas/postgres-formula
A  formulas/provis-template
AM formulas/python-formula/python/.python2dev.sls.un~
AM formulas/python-formula/python/init.sls
AD formulas/python-formula/python/packer
AM formulas/python-formula/python/pip/.conf.sls.un~
AM formulas/python-formula/python/pip/conf.sls
A  formulas/python-formula/python/pip/files/.pip.conf.jinja.un~
A  formulas/python-formula/python/pip/files/pip.conf.jinja
A  formulas/python-formula/python/pip/init.sls
A  formulas/python-formula/python/pip/pypi2.sls
A  formulas/python-formula/python/pip/system2.sls
AD formulas/python-formula/python/python2.sls
AM formulas/python-formula/python/python2dev.sls
AD formulas/python-formula/python/rm
A  formulas/resolver-formula
A  formulas/ruby-formula
AM formulas/salt-formula
AD formulas/saltdev-formula/saltdev/files/supervisord.conf
AD formulas/saltdev-formula/saltdev/init.sls
AD formulas/saltdev-formula/saltdev/python
AD formulas/saltdev-formula/saltdev/rm
A  formulas/shorewall-formula/AUTHORS.rst
A  formulas/shorewall-formula/HISTORY.rst
A  formulas/shorewall-formula/LICENSE
A  formulas/shorewall-formula/MANIFEST.in
A  formulas/shorewall-formula/README.rst
A  formulas/shorewall-formula/pillar.example
AM formulas/shorewall-formula/shorewall/init.sls
AM formulas/shorewall-formula/shorewall/map.jinja
A  formulas/shorewall-formula/shorewall/templates/examples
AM formulas/shorewall-formula/shorewall/templates/interfaces.jinja2
AM formulas/shorewall-formula/shorewall/templates/masq.jinja2
AM formulas/shorewall-formula/shorewall/templates/policy.jinja2
A  formulas/shorewall-formula/shorewall/templates/routestopped.jinja2
AM formulas/shorewall-formula/shorewall/templates/rules.jinja2
AM formulas/shorewall-formula/shorewall/templates/shorewall.conf.jinja2
A  formulas/shorewall-formula/shorewall/templates/three-interfaces/README.txt
A  formulas/shorewall-formula/shorewall/templates/three-interfaces/interfaces
A  formulas/shorewall-formula/shorewall/templates/three-interfaces/masq
A  formulas/shorewall-formula/shorewall/templates/three-interfaces/policy
A  formulas/shorewall-formula/shorewall/templates/three-interfaces/routestopped
A  formulas/shorewall-formula/shorewall/templates/three-interfaces/rules
A  formulas/shorewall-formula/shorewall/templates/three-interfaces/shorewall.conf.gz
A  formulas/shorewall-formula/shorewall/templates/three-interfaces/zones
AM formulas/shorewall-formula/shorewall/templates/zones.jinja2
A  formulas/shorewall-formula/tests/__init__.py
A  formulas/shorewall-formula/tests/test_shorewall-formula.py
AM formulas/sudoers-formula
A  formulas/sun-java-formula
A  formulas/tmux-formula
AM formulas/tortoisehg-formula/tortoisehg/.init.sls.un~
AM formulas/tortoisehg-formula/tortoisehg/.ppa.sls.un~
AM formulas/tortoisehg-formula/tortoisehg/init.sls
AM formulas/tortoisehg-formula/tortoisehg/ppa.sls
AD formulas/tortoisehg-formula/tortoisehg/rm
AD formulas/tortoisehg-formula/tortoisehg/saltdev
AM formulas/ufw-formula/ufw/.disable.sls.un~
AD formulas/ufw-formula/ufw/disable.sls
AM formulas/ufw-formula/ufw/init.sls
A  formulas/ufw-formula/ufw/masq.sls
A  formulas/ufw-formula/ufw/templates/ufw-sysctl.conf.jinja
AM formulas/users-formula
AM formulas/vagrant-formula/vagrant/.deb.sls.un~
AM formulas/vagrant-formula/vagrant/.init.sls.un~
AM formulas/vagrant-formula/vagrant/deb.sls
A  formulas/vagrant-formula/vagrant/files/1.6.2_SHA256SUMS
A  formulas/vagrant-formula/vagrant/files/Vagrantfile
A  formulas/virt-formula/.gitignore
A  formulas/virt-formula/AUTHORS.rst
A  formulas/virt-formula/HISTORY.rst
A  formulas/virt-formula/LICENSE
A  formulas/virt-formula/MANIFEST.in
A  formulas/virt-formula/README.rst
A  formulas/virt-formula/pillar.example
A  formulas/virt-formula/tests/__init__.py
A  formulas/virt-formula/tests/test_virt-formula.py
A  formulas/virt-formula/virt/init.sls
A  formulas/virt-formula/virt/map.jinja
A  formulas/virtualbox-formula/virtualbox/.deb.sls.un~
A  formulas/virtualbox-formula/virtualbox/.source.sls.un~
A  formulas/virtualbox-formula/virtualbox/files/oracle_vbox.asc
A  formulas/virtualbox-formula/virtualbox/guest/init.sls
AM formulas/virtualbox-formula/virtualbox/host/.deb.sls.un~
AM formulas/virtualbox-formula/virtualbox/host/deb.sls
AM formulas/virtualbox-formula/virtualbox/host/init.sls
AM formulas/virtualbox-formula/virtualbox/init.sls
AM formulas/winswitch-formula/winswitch/.deb.sls.un~
AM formulas/winswitch-formula/winswitch/.init.sls.un~
AM formulas/winswitch-formula/winswitch/deb.sls
A  formulas/winswitch-formula/winswitch/files/gpg.asc
AM formulas/winswitch-formula/winswitch/init.sls
?? base/_modules/
?? base/bind
?? base/dhcpd
?? base/docker
?? base/hosts/
?? base/sudoers
?? base/tftp
?? base/users
?? ext/
?? formulas/apt-cacher-ng-formula/.gitignore
?? formulas/apt-cacher-ng-formula/AUTHORS.rst
?? formulas/apt-cacher-ng-formula/HISTORY.rst
?? formulas/apt-cacher-ng-formula/LICENSE
?? formulas/apt-cacher-ng-formula/MANIFEST.in
?? formulas/apt-cacher-ng-formula/README.rst
?? formulas/apt-cacher-ng-formula/apt-cacher-ng/map.jinja
?? formulas/apt-cacher-ng-formula/pillar.example
?? formulas/apt-cacher-ng-formula/tests/
?? formulas/apt-formula/.gitignore
?? formulas/apt-formula/LICENSE
?? formulas/apt-formula/README.rst
?? formulas/apt-formula/apt/dist_upgrade.sls
?? formulas/apt-formula/apt/ppa.sls
?? formulas/apt-formula/apt/transports/
?? formulas/apt-formula/apt/update.sls
?? formulas/apt-formula/apt/upgrade.sls
?? formulas/cobbler-formula/.gitignore
?? formulas/cobbler-formula/AUTHORS.rst
?? formulas/cobbler-formula/HISTORY.rst
?? formulas/cobbler-formula/MANIFEST.in
?? formulas/cobbler-formula/cobbler/files/
?? formulas/cobbler-formula/cobbler/nginx.sls
?? formulas/cobbler-formula/cobbler/source.sls
?? formulas/cobbler-formula/cobbler/templates/
?? formulas/cobbler-formula/tests/
?? formulas/dhcpd-formula/
?? formulas/dotfiles-formula.orig/
?? formulas/dotfiles-formula/.gitignore
?? formulas/dotfiles-formula/AUTHORS.rst
?? formulas/dotfiles-formula/HISTORY.rst
?? formulas/dotfiles-formula/LICENSE
?? formulas/dotfiles-formula/MANIFEST.in
?? formulas/dotfiles-formula/README.rst
?? formulas/dotfiles-formula/dotfiles/dotvim.sls
?? formulas/dotfiles-formula/dotfiles/files/
?? formulas/dotfiles-formula/dotfiles/map.jinja
?? formulas/dotfiles-formula/pillar.example
?? formulas/dotfiles-formula/tests/
?? formulas/elasticsearch-formula/
?? formulas/formualize_log.py
?? formulas/formulaize.py
?? formulas/heka-formula/.gitignore
?? formulas/heka-formula/AUTHORS.rst
?? formulas/heka-formula/HISTORY.rst
?? formulas/heka-formula/LICENSE
?? formulas/heka-formula/MANIFEST.in
?? formulas/heka-formula/README.rst
?? formulas/heka-formula/heka/files/heka_0.6.0_amd64.deb
?? formulas/heka-formula/heka/files/heka_0.6.0_i386.deb
?? formulas/heka-formula/pillar.example
?? formulas/heka-formula/tests/
?? formulas/htop-formula/.gitignore
?? formulas/htop-formula/AUTHORS.rst
?? formulas/htop-formula/HISTORY.rst
?? formulas/htop-formula/LICENSE
?? formulas/htop-formula/MANIFEST.in
?? formulas/htop-formula/README.rst
?? formulas/htop-formula/htop/map.jinja
?? formulas/htop-formula/pillar.example
?? formulas/htop-formula/tests/
?? formulas/i3wm-formula/.gitignore
?? formulas/i3wm-formula/AUTHORS.rst
?? formulas/i3wm-formula/HISTORY.rst
?? formulas/i3wm-formula/LICENSE
?? formulas/i3wm-formula/MANIFEST.in
?? formulas/i3wm-formula/README.rst
?? formulas/i3wm-formula/i3wm/map.jinja
?? formulas/i3wm-formula/pillar.example
?? formulas/i3wm-formula/tests/
?? formulas/ipython-formula/
?? formulas/mercurial-formula/.gitignore
?? formulas/mercurial-formula/AUTHORS.rst
?? formulas/mercurial-formula/HISTORY.rst
?? formulas/mercurial-formula/LICENSE
?? formulas/mercurial-formula/MANIFEST.in
?? formulas/mercurial-formula/README.rst
?? formulas/mercurial-formula/mercurial/map.jinja
?? formulas/mercurial-formula/pillar.example
?? formulas/mercurial-formula/tests/
?? formulas/packer-formula/.gitignore
?? formulas/packer-formula/AUTHORS.rst
?? formulas/packer-formula/HISTORY.rst
?? formulas/packer-formula/LICENSE
?? formulas/packer-formula/MANIFEST.in
?? formulas/packer-formula/README.rst
?? formulas/packer-formula/packer/map.jinja
?? formulas/packer-formula/pillar.example
?? formulas/packer-formula/tests/
?? formulas/python-formula.org/
?? formulas/python-formula/.gitignore
?? formulas/python-formula/AUTHORS.rst
?? formulas/python-formula/HISTORY.rst
?? formulas/python-formula/LICENSE
?? formulas/python-formula/MANIFEST.in
?? formulas/python-formula/README.rst
?? formulas/python-formula/pillar.example
?? formulas/python-formula/python/conda.sls
?? formulas/python-formula/python/dev.sls
?? formulas/python-formula/python/map.jinja
?? formulas/python-formula/python/pyenv.sls
?? formulas/python-formula/python/testing.sls
?? formulas/python-formula/python/virtualenv.sls
?? formulas/python-formula/tests/
?? formulas/repos-formula/
?? formulas/saltdev-formula.TODO/
?? formulas/shinken-formula/
?? formulas/supervisord-formula/
?? formulas/tftp-formula/
?? formulas/tortoisehg-formula/.gitignore
?? formulas/tortoisehg-formula/AUTHORS.rst
?? formulas/tortoisehg-formula/HISTORY.rst
?? formulas/tortoisehg-formula/LICENSE
?? formulas/tortoisehg-formula/MANIFEST.in
?? formulas/tortoisehg-formula/README.rst
?? formulas/tortoisehg-formula/pillar.example
?? formulas/tortoisehg-formula/tests/
?? formulas/tortoisehg-formula/tortoisehg/map.jinja
?? formulas/ufw-formula/.gitignore
?? formulas/ufw-formula/AUTHORS.rst
?? formulas/ufw-formula/HISTORY.rst
?? formulas/ufw-formula/LICENSE
?? formulas/ufw-formula/MANIFEST.in
?? formulas/ufw-formula/README.rst
?? formulas/ufw-formula/pillar.example
?? formulas/ufw-formula/tests/
?? formulas/ufw-formula/ufw/absent.sls
?? formulas/ufw-formula/ufw/map.jinja
?? formulas/vagrant-formula/.gitignore
?? formulas/vagrant-formula/AUTHORS.rst
?? formulas/vagrant-formula/HISTORY.rst
?? formulas/vagrant-formula/LICENSE
?? formulas/vagrant-formula/MANIFEST.in
?? formulas/vagrant-formula/README.rst
?? formulas/vagrant-formula/pillar.example
?? formulas/vagrant-formula/tests/
?? formulas/vagrant-formula/vagrant/init.sls
?? formulas/vagrant-formula/vagrant/map.jinja
?? formulas/virtualbox-formula/.gitignore
?? formulas/virtualbox-formula/AUTHORS.rst
?? formulas/virtualbox-formula/HISTORY.rst
?? formulas/virtualbox-formula/LICENSE
?? formulas/virtualbox-formula/MANIFEST.in
?? formulas/virtualbox-formula/README.rst
?? formulas/virtualbox-formula/pillar.example
?? formulas/virtualbox-formula/tests/
?? formulas/virtualbox-formula/virtualbox/map.jinja
?? formulas/wajig-formula/
?? formulas/winswitch-formula/.gitignore
?? formulas/winswitch-formula/AUTHORS.rst
?? formulas/winswitch-formula/HISTORY.rst
?? formulas/winswitch-formula/LICENSE
?? formulas/winswitch-formula/MANIFEST.in
?? formulas/winswitch-formula/README.rst
?? formulas/winswitch-formula/pillar.example
?? formulas/winswitch-formula/tests/
?? formulas/winswitch-formula/winswitch/map.jinja
?? formulas/winswitch-formula/winswitch/nx.sls
?? formulas/winswitch-formula/winswitch/rdp.sls
?? formulas/winswitch-formula/winswitch/vnc.sls
?? formulas/winswitch-formula/winswitch/xpra.sls
?? ipcheck.log
?? pyrpo.full.log
?? pyrpo.ls-dl.log
?? pyrpo.sh.log
?? pyrpo.status.log
?? src/
?? trusty-server-cloudimg-amd64-disk1.img


######
git clone 'ssh://git@github.com/westurner/pyrpo' 'src/pyrpo'
2014-05-30 00:21:56 -0500 ||| 1f62f12 ||| Wes Turner |||  (HEAD, origin/develop, origin/HEAD, develop) ||| DOC: factor out get_option_parser, update usage (toward sphinx-argparse)  |..|

GitRev(datestr='2014-05-30 00:21:56 -0500', noderev='1f62f12', author='Wes Turner', tags=' (HEAD, origin/develop, origin/HEAD, develop)', desc='DOC: factor out get_option_parser, update usage (toward sphinx-argparse)')


######
git clone 'ssh://git@github.com/westurner/mercurial-formula' 'formulas/mercurial-formula'
2014-07-30 07:04:41 -0500 ||| 99a0c09 ||| Wes Turner |||  (HEAD, origin/master, master) ||| PERF: pkg.latest -> pkg.installed (don't 'apt-get update' every time)  |..|

GitRev(datestr='2014-07-30 07:04:41 -0500', noderev='99a0c09', author='Wes Turner', tags=' (HEAD, origin/master, master)', desc="PERF: pkg.latest -> pkg.installed (don't 'apt-get update' every time)")


######
git clone 'ssh://git@github.com/westurner/docker-formula' 'formulas/docker-formula'
2015-04-05 13:34:14 -0400 ||| 72763c3 ||| Nitin Madhok |||  (HEAD, upstream/master, upstream/HEAD, origin/master, master) ||| Merge pull request #20 from DavidJFelix/master  |..|

GitRev(datestr='2015-04-05 13:34:14 -0400', noderev='72763c3', author='Nitin Madhok', tags=' (HEAD, upstream/master, upstream/HEAD, origin/master, master)', desc='Merge pull request #20 from DavidJFelix/master')


######
git clone 'ssh://git@github.com/westurner/tmux-formula' 'formulas/tmux-formula'
2014-02-11 19:42:38 -0700 ||| 5196766 ||| Joseph Hall |||  (HEAD, upstream/master, upstream/HEAD, master) ||| Merge pull request #3 from evvers/master  |..|

GitRev(datestr='2014-02-11 19:42:38 -0700', noderev='5196766', author='Joseph Hall', tags=' (HEAD, upstream/master, upstream/HEAD, master)', desc='Merge pull request #3 from evvers/master')


######
git clone 'ssh://git@github.com/westurner/resolver-formula' 'formulas/resolver-formula'
2014-01-08 07:21:30 -0800 ||| fdb2742 ||| Seth House |||  (HEAD, upstream/master, upstream/HEAD, master) ||| Merge pull request #5 from zamotivator/master  |..|

GitRev(datestr='2014-01-08 07:21:30 -0800', noderev='fdb2742', author='Seth House', tags=' (HEAD, upstream/master, upstream/HEAD, master)', desc='Merge pull request #5 from zamotivator/master')


######
git clone 'ssh://git@github.com/westurner/sun-java-formula' 'formulas/sun-java-formula'
2014-04-21 15:52:00 -0400 ||| 7ebe87d ||| Steffen Roegner |||  (HEAD, upstream/master, upstream/HEAD, master) ||| Merge pull request #3 from davidkarlsen/master  |..|

GitRev(datestr='2014-04-21 15:52:00 -0400', noderev='7ebe87d', author='Steffen Roegner', tags=' (HEAD, upstream/master, upstream/HEAD, master)', desc='Merge pull request #3 from davidkarlsen/master')


######
git clone 'ssh://git@github.com/westurner/postgres-formula' 'formulas/postgres-formula'
2014-07-27 21:47:52 -0600 ||| 4b5b338 ||| Seth House |||  (HEAD, upstream/master, upstream/HEAD, master) ||| Merge pull request #15 from h3/master  |..|

GitRev(datestr='2014-07-27 21:47:52 -0600', noderev='4b5b338', author='Seth House', tags=' (HEAD, upstream/master, upstream/HEAD, master)', desc='Merge pull request #15 from h3/master')


######
git clone 'ssh://git@github.com/westurner/salt-formula' 'formulas/salt-formula'
2015-04-09 10:18:08 -0700 ||| 6d12e55 ||| Forrest |||  (HEAD, upstream/master, upstream/HEAD, origin/master, master) ||| Merge pull request #119 from smlloyd/master  |..|

GitRev(datestr='2015-04-09 10:18:08 -0700', noderev='6d12e55', author='Forrest', tags=' (HEAD, upstream/master, upstream/HEAD, origin/master, master)', desc='Merge pull request #119 from smlloyd/master')
A  salt/files/master.d/pepa.conf.jinja
A  salt/master-pepa.sls
 M salt/master.sls


######
git clone 'ssh://git@github.com/westurner/sudoers-formula' 'formulas/sudoers-formula'
2014-07-21 15:33:27 -0600 ||| f788922 ||| Seth House |||  (HEAD, upstream/master, upstream/HEAD, master) ||| Merge pull request #5 from rfairburn/master  |..|

GitRev(datestr='2014-07-21 15:33:27 -0600', noderev='f788922', author='Seth House', tags=' (HEAD, upstream/master, upstream/HEAD, master)', desc='Merge pull request #5 from rfairburn/master')
 M sudoers/package-map.jinja


######
git clone 'ssh://git@github.com/westurner/supervisord-formula' 'formulas/supervisord-formula'
2014-08-06 05:44:53 -0500 ||| bf765c3 ||| Wes Turner |||  (HEAD, origin/master, master) ||| Draft supervisord. and supervisord.system  |..|

GitRev(datestr='2014-08-06 05:44:53 -0500', noderev='bf765c3', author='Wes Turner', tags=' (HEAD, origin/master, master)', desc='Draft supervisord. and supervisord.system')


######
git clone 'ssh://git@github.com/westurner/python-formula' 'formulas/python-formula'
2014-07-27 02:24:24 -0500 ||| 966dae3 ||| Wes Turner |||  (HEAD, origin/master, master) ||| Pillar.example, conda, map.jinja, virtualenv  |..|

GitRev(datestr='2014-07-27 02:24:24 -0500', noderev='966dae3', author='Wes Turner', tags=' (HEAD, origin/master, master)', desc='Pillar.example, conda, map.jinja, virtualenv')
 M python/map.jinja
 M python/pip/conf.sls


######
git clone 'ssh://git@github.com/westurner/i3wm-formula' 'formulas/i3wm-formula'
2014-07-27 20:13:12 -0500 ||| 881d2df ||| Wes Turner |||  (HEAD, origin/master, master) ||| Add from generated cookiecutter-saltformula  |..|

GitRev(datestr='2014-07-27 20:13:12 -0500', noderev='881d2df', author='Wes Turner', tags=' (HEAD, origin/master, master)', desc='Add from generated cookiecutter-saltformula')
 M i3wm/deb.sls


######
git clone 'ssh://git@github.com/westurner/winswitch-formula' 'formulas/winswitch-formula'
2015-01-07 07:38:12 -0600 ||| 335a2e6 ||| Wes Turner |||  (HEAD, origin/master, master) ||| Merge pull request #1 from h4ck3rm1k3/master  |..|

GitRev(datestr='2015-01-07 07:38:12 -0600', noderev='335a2e6', author='Wes Turner', tags=' (HEAD, origin/master, master)', desc='Merge pull request #1 from h4ck3rm1k3/master')


######
git clone 'ssh://git@github.com/westurner/vagrant-formula' 'formulas/vagrant-formula'
2014-07-27 20:55:08 -0500 ||| 7497b14 ||| Wes Turner |||  (HEAD, origin/master, master) ||| DOC: Update README.rst: vagrant.deb  |..|

GitRev(datestr='2014-07-27 20:55:08 -0500', noderev='7497b14', author='Wes Turner', tags=' (HEAD, origin/master, master)', desc='DOC: Update README.rst: vagrant.deb')


######
git clone 'ssh://git@github.com/westurner/libvirt-formula' 'formulas/libvirt-formula'
2014-07-26 10:02:36 -0600 ||| 84a595c ||| Seth House |||  (HEAD, upstream/master, upstream/HEAD, master) ||| Merge pull request #3 from eliasp/patch-2  |..|

GitRev(datestr='2014-07-26 10:02:36 -0600', noderev='84a595c', author='Seth House', tags=' (HEAD, upstream/master, upstream/HEAD, master)', desc='Merge pull request #3 from eliasp/patch-2')


######
git clone 'ssh://git@github.com/westurner/jenkins-formula' 'formulas/jenkins-formula'
2013-07-27 14:21:31 -0700 ||| fca8a4b ||| Joseph Hall |||  (HEAD, upstream/master, upstream/HEAD, master) ||| Merge pull request #4 from stp-ip/new_structure  |..|

GitRev(datestr='2013-07-27 14:21:31 -0700', noderev='fca8a4b', author='Joseph Hall', tags=' (HEAD, upstream/master, upstream/HEAD, master)', desc='Merge pull request #4 from stp-ip/new_structure')


######
git clone 'ssh://git@github.com/westurner/nginx-formula' 'formulas/nginx-formula'
2014-08-11 20:49:38 -0700 ||| 90c539d ||| Forrest |||  (HEAD, upstream/master, upstream/HEAD, origin/master, master) ||| Merge pull request #44 from westurner/add_install_from_ppa  |..|

GitRev(datestr='2014-08-11 20:49:38 -0700', noderev='90c539d', author='Forrest', tags=' (HEAD, upstream/master, upstream/HEAD, origin/master, master)', desc='Merge pull request #44 from westurner/add_install_from_ppa')
M  nginx/map.jinja
 M nginx/package.sls
?? .gitignore


######
git clone 'ssh://git@github.com/westurner/heka-formula' 'formulas/heka-formula'
2014-07-27 21:20:48 -0500 ||| 8ff5601 ||| Wes Turner |||  (HEAD, origin/master, master) ||| Update init.sls, map.jinja, pillar.example: heka.config_src[_template]  |..|

GitRev(datestr='2014-07-27 21:20:48 -0500', noderev='8ff5601', author='Wes Turner', tags=' (HEAD, origin/master, master)', desc='Update init.sls, map.jinja, pillar.example: heka.config_src[_template]')
?? heka/files/heka_0.5.1_amd64.deb
?? heka/files/heka_0.5.1_i386.deb
?? heka/files/heka_0.6.0_amd64.deb
?? heka/files/heka_0.6.0_i386.deb


######
git clone 'ssh://git@github.com/westurner/openssh-formula' 'formulas/openssh-formula'
2015-03-26 17:50:32 +0100 ||| 1b74efd ||| Raphaël Hertzog |||  (HEAD, upstream/master, upstream/HEAD, master) ||| Add a new openssh.known_hosts state  |..|

GitRev(datestr='2015-03-26 17:50:32 +0100', noderev='1b74efd', author='Rapha\xc3\xabl Hertzog', tags=' (HEAD, upstream/master, upstream/HEAD, master)', desc='Add a new openssh.known_hosts state')


######
git clone 'ssh://git@github.com/westurner/dnsmasq-formula' 'formulas/dnsmasq-formula'
2014-08-09 02:14:38 -0400 ||| d463137 ||| Nitin Madhok |||  (HEAD, upstream/master, upstream/HEAD, origin/master, master) ||| Merge pull request #5 from westurner/update_readme_formatting  |..|

GitRev(datestr='2014-08-09 02:14:38 -0400', noderev='d463137', author='Nitin Madhok', tags=' (HEAD, upstream/master, upstream/HEAD, origin/master, master)', desc='Merge pull request #5 from westurner/update_readme_formatting')


######
git clone 'ssh://git@github.com/westurner/bind-formula' 'formulas/bind-formula'
2014-03-24 05:39:45 -0600 ||| 9d5f16e ||| Joseph Hall |||  (HEAD, upstream/master, upstream/HEAD, master) ||| Merge pull request #9 from cosu/master  |..|

GitRev(datestr='2014-03-24 05:39:45 -0600', noderev='9d5f16e', author='Joseph Hall', tags=' (HEAD, upstream/master, upstream/HEAD, master)', desc='Merge pull request #9 from cosu/master')
 M bind/config.sls
?? bind/tools.sls
?? bind/zones/


######
git clone 'ssh://git@github.com/westurner/mysql-formula' 'formulas/mysql-formula'
2014-07-27 01:07:12 -0600 ||| f5bebe3 ||| Seth House |||  (HEAD, upstream/master, upstream/HEAD, master) ||| Merge pull request #27 from thenewwazoo/schema_load  |..|

GitRev(datestr='2014-07-27 01:07:12 -0600', noderev='f5bebe3', author='Seth House', tags=' (HEAD, upstream/master, upstream/HEAD, master)', desc='Merge pull request #27 from thenewwazoo/schema_load')


######
git clone 'ssh://git@github.com/westurner/tftp-formula' 'formulas/tftp-formula'
2014-04-23 18:00:11 +0200 ||| afff7f2 ||| Arnold Bechtoldt |||  (HEAD, origin/master, origin/HEAD, master) ||| updating license  |..|

GitRev(datestr='2014-04-23 18:00:11 +0200', noderev='afff7f2', author='Arnold Bechtoldt', tags=' (HEAD, origin/master, origin/HEAD, master)', desc='updating license')


######
# git clone '' 'formulas/mercurial-server-formula'
2014-05-15 01:31:10 -0500 ||| 88e7b52 ||| Wes Turner |||  (HEAD, master) ||| Importing from template-formula  |..|

GitRev(datestr='2014-05-15 01:31:10 -0500', noderev='88e7b52', author='Wes Turner', tags=' (HEAD, master)', desc='Importing from template-formula')
 M CHANGELOG.rst
 D template/init.sls
 D template/map.jinja
?? mercurial-server/


######
# git clone '' 'formulas/elasticsearch-formula'
2014-08-18 05:58:11 -0500 ||| 0b9eacd ||| Wes Turner |||  (HEAD, master) ||| Created elasticsearch-formula with cookiecutter-saltformula  |..|

GitRev(datestr='2014-08-18 05:58:11 -0500', noderev='0b9eacd', author='Wes Turner', tags=' (HEAD, master)', desc='Created elasticsearch-formula with cookiecutter-saltformula')


######
git clone 'ssh://git@github.com/westurner/ntp-formula' 'formulas/ntp-formula'
2014-07-07 14:09:47 -0500 ||| 7cb52c4 ||| Erik Johnson |||  (HEAD, upstream/master, upstream/HEAD, master) ||| Fix link to formula usage conventions  |..|

GitRev(datestr='2014-07-07 14:09:47 -0500', noderev='7cb52c4', author='Erik Johnson', tags=' (HEAD, upstream/master, upstream/HEAD, master)', desc='Fix link to formula usage conventions')
 M ntp/local_server/init.sls
?? ntp/local_server/files/ntp.Debian.conf


######
git clone 'ssh://git@github.com/westurner/shorewall-formula' 'formulas/shorewall-formula'
2015-04-14 20:22:43 -0500 ||| 172ac5f ||| Wes Turner |||  (HEAD, origin/master, master) ||| ENH,REF: init.sls, shorewall.conf.jinja2: /etc/shorewall, conf_paths from pillar, watch_in  |..|

GitRev(datestr='2015-04-14 20:22:43 -0500', noderev='172ac5f', author='Wes Turner', tags=' (HEAD, origin/master, master)', desc='ENH,REF: init.sls, shorewall.conf.jinja2: /etc/shorewall, conf_paths from pillar, watch_in')
 M shorewall/init.sls


######
git clone 'ssh://git@github.com/westurner/shinken-formula' 'formulas/shinken-formula'
2014-08-06 04:14:49 -0500 ||| df90e1b ||| Wes Turner |||  (HEAD, origin/master, master) ||| Generated shinken-formula from cookiecutter-saltformula  |..|

GitRev(datestr='2014-08-06 04:14:49 -0500', noderev='df90e1b', author='Wes Turner', tags=' (HEAD, origin/master, master)', desc='Generated shinken-formula from cookiecutter-saltformula')


######
git clone 'https://gist.github.com/5785638.git' 'formulas/ocean-formula/ocean/files/nginx/5785638'
2013-06-14 15:02:45 -0700 ||| 4ed57e6 ||| John Watson |||  (HEAD, origin/master, origin/HEAD, master) |||   |..|

GitRev(datestr='2013-06-14 15:02:45 -0700', noderev='4ed57e6', author='John Watson', tags=' (HEAD, origin/master, origin/HEAD, master) |||', desc=None)


######
# hg clone '' 'formulas/ocean-formula/ocean/files/etc'
2012-12-16 03:47:31 -0600 ||| a502cfe21390 ||| Wes Turner <wes@wrd.nu> ||| tip ||| Added setup_vim_deb.sh |..|
HgRev(datestr='2012-12-16 03:47:31 -0600', noderev='a502cfe21390', author='Wes Turner <wes@wrd.nu>', tags='tip', desc='Added setup_vim_deb.sh')
M eggproxy.ini
M hgweb.conf
M hgwebdir.conf
M requirements-appservers.txt
M requirements-celery.txt
M requirements-devenv.txt
M requirements-django.txt
M requirements-freeze20120717.2.txt
M requirements-hg.txt
M requirements-ipython.txt
M requirements-matplotlib.txt
M requirements-mysql.txt
M requirements-nosetest.txt
M requirements-pandas.txt
M requirements-paste.txt
M requirements-pyes.txt
M requirements-pyramid.txt
M requirements-pyramidsqlalchemy.txt
M requirements-pytest.txt
M requirements-selenium.txt
M requirements-semanticweb.txt
M requirements-sphinx.txt
M requirements-sqlalchemy.txt
M requirements-supervisor.txt
M requirements-trac.txt
M requirements-weberror.txt
M supervisord.conf
! setup_chromedriver.sh
! setup_elasticsearch.sh
! setup_openvirtuoso_deb.sh
! setup_pandas_notebook.sh
! setup_pandas_notebook_deb.sh
! setup_vim_deb.sh
? requirements-freeze20130819.txt

######
# git clone '' 'formulas/ocean-formula'
######
git clone 'ssh://git@github.com/westurner/packer-formula' 'formulas/packer-formula'
2014-07-28 02:11:03 -0500 ||| 31277fa ||| Wes Turner |||  (HEAD, origin/master, master) ||| Adapt map.jinja from cookiecutter-saltformula  |..|

GitRev(datestr='2014-07-28 02:11:03 -0500', noderev='31277fa', author='Wes Turner', tags=' (HEAD, origin/master, master)', desc='Adapt map.jinja from cookiecutter-saltformula')


######
git clone 'ssh://git@github.com/westurner/tortoisehg-formula' 'formulas/tortoisehg-formula'
2014-07-28 02:17:13 -0500 ||| 823fabb ||| Wes Turner |||  (HEAD, origin/master, master) ||| tortoisehg-formula  |..|

GitRev(datestr='2014-07-28 02:17:13 -0500', noderev='823fabb', author='Wes Turner', tags=' (HEAD, origin/master, master)', desc='tortoisehg-formula')


######
git clone 'ssh://git@github.com/westurner/python-formula' 'formulas/python-formula.org'
2014-07-27 00:31:48 -0500 ||| dd6f664 ||| Wes Turner |||  (HEAD, origin/master, master) ||| python-formula  |..|

GitRev(datestr='2014-07-27 00:31:48 -0500', noderev='dd6f664', author='Wes Turner', tags=' (HEAD, origin/master, master)', desc='python-formula')
?? python/packer


######
git clone 'ssh://git@github.com/westurner/wajig-formula' 'formulas/wajig-formula'
2014-08-06 05:11:26 -0500 ||| 8d614d6 ||| Wes Turner |||  (HEAD, origin/master, master) ||| Add pkgs:{apt-move, dctrl-tools, deborphan}  |..|

GitRev(datestr='2014-08-06 05:11:26 -0500', noderev='8d614d6', author='Wes Turner', tags=' (HEAD, origin/master, master)', desc='Add pkgs:{apt-move, dctrl-tools, deborphan}')


######
git clone 'ssh://git@github.com/westurner/virtualbox-formula' 'formulas/virtualbox-formula'
2014-07-30 07:07:35 -0500 ||| 9aeb8e2 ||| Wes Turner |||  (HEAD, origin/master, master) ||| BUG,CLN,PERF: append '-deb'; cleanup; pkg.latest -> pkg.installed  |..|

GitRev(datestr='2014-07-30 07:07:35 -0500', noderev='9aeb8e2', author='Wes Turner', tags=' (HEAD, origin/master, master)', desc="BUG,CLN,PERF: append '-deb'; cleanup; pkg.latest -> pkg.installed")


######
git clone 'ssh://git@github.com/westurner/apt-formula' 'formulas/apt-formula'
2014-08-06 09:27:34 -0400 ||| 5ffd8aa ||| Nitin Madhok |||  (HEAD, upstream/master, upstream/HEAD, origin/master, master) ||| Merge pull request #7 from westurner/add_apt_ppa_utils  |..|

GitRev(datestr='2014-08-06 09:27:34 -0400', noderev='5ffd8aa', author='Nitin Madhok', tags=' (HEAD, upstream/master, upstream/HEAD, origin/master, master)', desc='Merge pull request #7 from westurner/add_apt_ppa_utils')
?? .gitignore


######
git clone 'ssh://git@github.com/westurner/htop-formula' 'formulas/htop-formula'
2014-07-28 02:41:34 -0500 ||| ed38289 ||| Wes Turner |||  (HEAD, origin/master, master) ||| DOC: Update README.rst  |..|

GitRev(datestr='2014-07-28 02:41:34 -0500', noderev='ed38289', author='Wes Turner', tags=' (HEAD, origin/master, master)', desc='DOC: Update README.rst')


######
git clone 'ssh://git@github.com/westurner/ruby-formula' 'formulas/ruby-formula'
2013-11-08 05:31:11 -0800 ||| b53bf23 ||| Joseph Hall |||  (HEAD, upstream/master, upstream/HEAD, master) ||| Merge pull request #6 from buwsoft/master  |..|

GitRev(datestr='2013-11-08 05:31:11 -0800', noderev='b53bf23', author='Joseph Hall', tags=' (HEAD, upstream/master, upstream/HEAD, master)', desc='Merge pull request #6 from buwsoft/master')


######
git clone 'ssh://git@github.com/westurner/dotfiles-formula' 'formulas/dotfiles-formula'
2014-08-06 06:09:59 -0500 ||| 4c46f3f ||| Wes Turner |||  (HEAD, origin/master, master) ||| Merge on existing dotfiles-formula  |..|

GitRev(datestr='2014-08-06 06:09:59 -0500', noderev='4c46f3f', author='Wes Turner', tags=' (HEAD, origin/master, master)', desc='Merge on existing dotfiles-formula')
 M dotfiles/init.sls
 M dotfiles/map.jinja
 M dotfiles/source.sls
 M pillar.example
?? dotfiles/dotvim.sls


######
# git clone '' 'formulas/dotfiles-formula.orig'
######
git clone 'ssh://git@github.com/westurner/users-formula' 'formulas/users-formula'
2015-04-02 10:57:08 -0700 ||| d11e704 ||| Forrest |||  (HEAD, upstream/master, upstream/HEAD, master) ||| Merge pull request #63 from andrew-vant/auth_from_files  |..|

GitRev(datestr='2015-04-02 10:57:08 -0700', noderev='d11e704', author='Forrest', tags=' (HEAD, upstream/master, upstream/HEAD, master)', desc='Merge pull request #63 from andrew-vant/auth_from_files')
 M users/init.sls
 M users/map.jinja


######
git clone 'ssh://git@github.com/westurner/gitlab-formula' 'formulas/gitlab-formula'
2014-05-17 17:37:02 -0500 ||| 60ca36d ||| Erik Johnson |||  (HEAD, upstream/master, upstream/HEAD, master) ||| Merge pull request #5 from davidkarlsen/develop  |..|

GitRev(datestr='2014-05-17 17:37:02 -0500', noderev='60ca36d', author='Erik Johnson', tags=' (HEAD, upstream/master, upstream/HEAD, master)', desc='Merge pull request #5 from davidkarlsen/develop')


######
git clone 'ssh://git@github.com/westurner/ufw-formula' 'formulas/ufw-formula'
2014-08-06 19:07:30 -0500 ||| 5b2d6d5 ||| Wes Turner |||  (HEAD, origin/master, master) ||| CLN,DOC: Update ufw.absent. README.rst  |..|

GitRev(datestr='2014-08-06 19:07:30 -0500', noderev='5b2d6d5', author='Wes Turner', tags=' (HEAD, origin/master, master)', desc='CLN,DOC: Update ufw.absent. README.rst')


######
git clone 'ssh://git@github.com/westurner/ipython-formula' 'formulas/ipython-formula'
2014-08-06 02:14:29 -0500 ||| 7cb22d9 ||| Wes Turner |||  (HEAD, origin/master, master) ||| Move supervisor config (use_supervisord) to supervisord.sls, ..conf, ..ini.sh  |..|

GitRev(datestr='2014-08-06 02:14:29 -0500', noderev='7cb22d9', author='Wes Turner', tags=' (HEAD, origin/master, master)', desc='Move supervisor config (use_supervisord) to supervisord.sls, ..conf, ..ini.sh')
 M ipython/init.sls
 M ipython/map.jinja
 M ipython/supervisord.sls
?? ipython/certs.sls
?? ipython/pip.sls


######
git clone 'ssh://git@github.com/westurner/repos-formula' 'formulas/repos-formula'
2014-08-06 20:23:43 -0500 ||| 53db9dd ||| Wes Turner |||  (HEAD, origin/master, master) ||| Fix the user [group] requires in repos.init  |..|

GitRev(datestr='2014-08-06 20:23:43 -0500', noderev='53db9dd', author='Wes Turner', tags=' (HEAD, origin/master, master)', desc='Fix the user [group] requires in repos.init')
 M repos/init.sls
?? repos/git/
?? repos/hg/


######
git clone 'ssh://git@github.com/westurner/apt-cacher-ng-formula' 'formulas/apt-cacher-ng-formula'
2014-07-30 10:43:06 -0500 ||| 68ab4f9 ||| Wes Turner |||  (HEAD, origin/master, master) ||| BUG: Combine PassThroughPattern s for get.docker.io and changelogs.ubuntu.com  |..|

GitRev(datestr='2014-07-30 10:43:06 -0500', noderev='68ab4f9', author='Wes Turner', tags=' (HEAD, origin/master, master)', desc='BUG: Combine PassThroughPattern s for get.docker.io and changelogs.ubuntu.com')


######
git clone 'ssh://git@github.com/westurner/hostsfile-formula' 'formulas/hostsfile-formula'
2014-06-22 21:55:40 -0400 ||| 0bcdf70 ||| Steffen Roegner |||  (HEAD, upstream/master, upstream/HEAD, master) ||| removed unreliable alias names generation  |..|

GitRev(datestr='2014-06-22 21:55:40 -0400', noderev='0bcdf70', author='Steffen Roegner', tags=' (HEAD, upstream/master, upstream/HEAD, master)', desc='removed unreliable alias names generation')


######
git clone 'ssh://git@github.com/westurner/cobbler-formula' 'formulas/cobbler-formula'
2014-07-28 10:03:03 -0500 ||| 84a0272 ||| Wes Turner |||  (HEAD, master) ||| DOC,CLN: Adapted cookiecutter-saltformula: updated init.sls, map.jinja, and pillar.example  |..|

GitRev(datestr='2014-07-28 10:03:03 -0500', noderev='84a0272', author='Wes Turner', tags=' (HEAD, master)', desc='DOC,CLN: Adapted cookiecutter-saltformula: updated init.sls, map.jinja, and pillar.example')
 M cobbler/init.sls
 M cobbler/map.jinja
?? cobbler/files/
?? cobbler/nginx.sls
?? cobbler/source.sls
?? cobbler/templates/


######
git clone 'ssh://git@github.com/westurner/git-formula' 'formulas/git-formula'
2013-11-07 09:29:37 -0800 ||| 4cc4607 ||| Seth House |||  (HEAD, upstream/master, upstream/HEAD, master) ||| Merge pull request #4 from buwsoft/master  |..|

GitRev(datestr='2013-11-07 09:29:37 -0800', noderev='4cc4607', author='Seth House', tags=' (HEAD, upstream/master, upstream/HEAD, master)', desc='Merge pull request #4 from buwsoft/master')


######
git clone 'ssh://git@github.com/westurner/dhcpd-formula' 'formulas/dhcpd-formula'
2014-07-28 19:52:13 -0400 ||| dbe7216 ||| Nitin Madhok |||  (HEAD, origin/master, origin/HEAD, master) ||| Update README.rst  |..|

GitRev(datestr='2014-07-28 19:52:13 -0400', noderev='dbe7216', author='Nitin Madhok', tags=' (HEAD, origin/master, origin/HEAD, master)', desc='Update README.rst')


