git clone 'ssh://git@github.com/westurner/dotfiles-formula' '.'
git clone 'ssh://git@github.com/westurner/pyrpo' 'src/pyrpo'
git clone 'ssh://git@github.com/westurner/mercurial-formula' 'formulas/mercurial-formula'
git clone 'ssh://git@github.com/westurner/docker-formula' 'formulas/docker-formula'
git clone 'ssh://git@github.com/westurner/tmux-formula' 'formulas/tmux-formula'
git clone 'ssh://git@github.com/westurner/resolver-formula' 'formulas/resolver-formula'
git clone 'ssh://git@github.com/westurner/sun-java-formula' 'formulas/sun-java-formula'
git clone 'ssh://git@github.com/westurner/postgres-formula' 'formulas/postgres-formula'
git clone 'ssh://git@github.com/westurner/salt-formula' 'formulas/salt-formula'
git clone 'ssh://git@github.com/westurner/sudoers-formula' 'formulas/sudoers-formula'
git clone 'ssh://git@github.com/westurner/supervisord-formula' 'formulas/supervisord-formula'
git clone 'ssh://git@github.com/westurner/python-formula' 'formulas/python-formula'
git clone 'ssh://git@github.com/westurner/i3wm-formula' 'formulas/i3wm-formula'
git clone 'ssh://git@github.com/westurner/winswitch-formula' 'formulas/winswitch-formula'
git clone 'ssh://git@github.com/westurner/vagrant-formula' 'formulas/vagrant-formula'
git clone 'ssh://git@github.com/westurner/libvirt-formula' 'formulas/libvirt-formula'
git clone 'ssh://git@github.com/westurner/jenkins-formula' 'formulas/jenkins-formula'
git clone 'ssh://git@github.com/westurner/nginx-formula' 'formulas/nginx-formula'
git clone 'ssh://git@github.com/westurner/heka-formula' 'formulas/heka-formula'
git clone 'ssh://git@github.com/westurner/openssh-formula' 'formulas/openssh-formula'
git clone 'ssh://git@github.com/westurner/dnsmasq-formula' 'formulas/dnsmasq-formula'
git clone 'ssh://git@github.com/westurner/bind-formula' 'formulas/bind-formula'
git clone 'ssh://git@github.com/westurner/mysql-formula' 'formulas/mysql-formula'
git clone 'ssh://git@github.com/westurner/tftp-formula' 'formulas/tftp-formula'
# git clone '' 'formulas/mercurial-server-formula'
# git clone '' 'formulas/elasticsearch-formula'
git clone 'ssh://git@github.com/westurner/ntp-formula' 'formulas/ntp-formula'
git clone 'ssh://git@github.com/westurner/shorewall-formula' 'formulas/shorewall-formula'
git clone 'ssh://git@github.com/westurner/shinken-formula' 'formulas/shinken-formula'
git clone 'https://gist.github.com/5785638.git' 'formulas/ocean-formula/ocean/files/nginx/5785638'
# hg clone '' 'formulas/ocean-formula/ocean/files/etc'
# git clone '' 'formulas/ocean-formula'
git clone 'ssh://git@github.com/westurner/packer-formula' 'formulas/packer-formula'
git clone 'ssh://git@github.com/westurner/tortoisehg-formula' 'formulas/tortoisehg-formula'
git clone 'ssh://git@github.com/westurner/python-formula' 'formulas/python-formula.org'
git clone 'ssh://git@github.com/westurner/wajig-formula' 'formulas/wajig-formula'
git clone 'ssh://git@github.com/westurner/virtualbox-formula' 'formulas/virtualbox-formula'
git clone 'ssh://git@github.com/westurner/apt-formula' 'formulas/apt-formula'
git clone 'ssh://git@github.com/westurner/htop-formula' 'formulas/htop-formula'
git clone 'ssh://git@github.com/westurner/ruby-formula' 'formulas/ruby-formula'
git clone 'ssh://git@github.com/westurner/dotfiles-formula' 'formulas/dotfiles-formula'
# git clone '' 'formulas/dotfiles-formula.orig'
git clone 'ssh://git@github.com/westurner/users-formula' 'formulas/users-formula'
git clone 'ssh://git@github.com/westurner/gitlab-formula' 'formulas/gitlab-formula'
git clone 'ssh://git@github.com/westurner/ufw-formula' 'formulas/ufw-formula'
git clone 'ssh://git@github.com/westurner/ipython-formula' 'formulas/ipython-formula'
git clone 'ssh://git@github.com/westurner/repos-formula' 'formulas/repos-formula'
git clone 'ssh://git@github.com/westurner/apt-cacher-ng-formula' 'formulas/apt-cacher-ng-formula'
git clone 'ssh://git@github.com/westurner/hostsfile-formula' 'formulas/hostsfile-formula'
git clone 'ssh://git@github.com/westurner/cobbler-formula' 'formulas/cobbler-formula'
git clone 'ssh://git@github.com/westurner/git-formula' 'formulas/git-formula'
git clone 'ssh://git@github.com/westurner/dhcpd-formula' 'formulas/dhcpd-formula'
